MSP430 Assembler PC v20.2.1 Fri Aug 28 13:49:55 2020

Copyright (c) 2003-2018 Texas Instruments Incorporated
main.asm                                                             PAGE    1

       1            ;******************************************************************************
       2            ;* MSP430 G3 C/C++ Codegen                                              PC v20.2.1.LTS *
       3            ;* Date/Time created: Fri Aug 28 13:49:55 2020                                *
       4            ;******************************************************************************
       5                    .compiler_opts --abi=eabi --diag_wrap=off --hll_source=on --mem_model:code=small --mem_model:d
       6            
       7            $C$DW$CU        .dwtag  DW_TAG_compile_unit
       8                    .dwattr $C$DW$CU, DW_AT_name("../main.c")
       9                    .dwattr $C$DW$CU, DW_AT_producer("TI MSP430 G3 C/C++ Codegen PC v20.2.1.LTS Copyright (c) 2003
      10                    .dwattr $C$DW$CU, DW_AT_TI_version(0x01)
      11                    .dwattr $C$DW$CU, DW_AT_comp_dir("C:\Users\tyler\OneDrive\Desktop\CPE-325\Lab1\Lab001\Debug")
      12            $C$DW$1 .dwtag  DW_TAG_variable
      13                    .dwattr $C$DW$1, DW_AT_name("WDTCTL")
      14                    .dwattr $C$DW$1, DW_AT_TI_symbol_name("WDTCTL")
      15                    .dwattr $C$DW$1, DW_AT_type(*$C$DW$T$60)
      16                    .dwattr $C$DW$1, DW_AT_declaration
      17                    .dwattr $C$DW$1, DW_AT_external
      18                    .dwattr $C$DW$1, DW_AT_decl_file("C:\ti\ccs1010\ccs\ccs_base\msp430\include\msp430f5529.h")
      19                    .dwattr $C$DW$1, DW_AT_decl_line(0x1232)
      20                    .dwattr $C$DW$1, DW_AT_decl_column(0x01)
      21            
      22            
      23            $C$DW$2 .dwtag  DW_TAG_subprogram
      24                    .dwattr $C$DW$2, DW_AT_name("print_multiplication_table")
      25                    .dwattr $C$DW$2, DW_AT_TI_symbol_name("print_multiplication_table")
      26                    .dwattr $C$DW$2, DW_AT_type(*$C$DW$T$10)
      27                    .dwattr $C$DW$2, DW_AT_declaration
      28                    .dwattr $C$DW$2, DW_AT_external
      29                    .dwattr $C$DW$2, DW_AT_decl_file("../main.c")
      30                    .dwattr $C$DW$2, DW_AT_decl_line(0x11)
      31                    .dwattr $C$DW$2, DW_AT_decl_column(0x05)
      32                    .dwendtag $C$DW$2
      33            
      34            
      35            $C$DW$3 .dwtag  DW_TAG_subprogram
      36                    .dwattr $C$DW$3, DW_AT_name("printf")
      37                    .dwattr $C$DW$3, DW_AT_TI_symbol_name("printf")
      38                    .dwattr $C$DW$3, DW_AT_type(*$C$DW$T$10)
      39                    .dwattr $C$DW$3, DW_AT_declaration
      40                    .dwattr $C$DW$3, DW_AT_external
      41                    .dwattr $C$DW$3, DW_AT_decl_file("C:/ti/ccs1010/ccs/tools/compiler/ti-cgt-msp430_20.2.1.LTS/in
      42                    .dwattr $C$DW$3, DW_AT_decl_line(0xf6)
      43                    .dwattr $C$DW$3, DW_AT_decl_column(0x19)
      44            $C$DW$4 .dwtag  DW_TAG_formal_parameter
      45                    .dwattr $C$DW$4, DW_AT_type(*$C$DW$T$40)
      46            
      47            $C$DW$5 .dwtag  DW_TAG_unspecified_parameters
      48            
      49                    .dwendtag $C$DW$3
      50            
      51            ;       C:\ti\ccs1010\ccs\tools\compiler\ti-cgt-msp430_20.2.1.LTS\bin\acpia430.exe -@C:\\Users\\tyler\
      52 000000               .sect   ".text:main"
      53                    .clink
      54                    .global main
      55            
MSP430 Assembler PC v20.2.1 Fri Aug 28 13:49:55 2020

Copyright (c) 2003-2018 Texas Instruments Incorporated
main.asm                                                             PAGE    2

      56            $C$DW$6 .dwtag  DW_TAG_subprogram
      57                    .dwattr $C$DW$6, DW_AT_name("main")
      58                    .dwattr $C$DW$6, DW_AT_low_pc(main)
      59                    .dwattr $C$DW$6, DW_AT_high_pc(0x00)
      60                    .dwattr $C$DW$6, DW_AT_TI_symbol_name("main")
      61                    .dwattr $C$DW$6, DW_AT_external
      62                    .dwattr $C$DW$6, DW_AT_type(*$C$DW$T$10)
      63                    .dwattr $C$DW$6, DW_AT_TI_begin_file("../main.c")
      64                    .dwattr $C$DW$6, DW_AT_TI_begin_line(0x0d)
      65                    .dwattr $C$DW$6, DW_AT_TI_begin_column(0x05)
      66                    .dwattr $C$DW$6, DW_AT_decl_file("../main.c")
      67                    .dwattr $C$DW$6, DW_AT_decl_line(0x0d)
      68                    .dwattr $C$DW$6, DW_AT_decl_column(0x05)
      69                    .dwattr $C$DW$6, DW_AT_TI_max_frame_size(0x04)
      70                    .dwpsn  file "../main.c",line 14,column 1,is_stmt,address main,isa 0
      71            
      72                    .dwfde $C$DW$CIE, main
      73            
      74            ;*****************************************************************************
      75            ;* FUNCTION NAME: main                                                       *
      76            ;*                                                                           *
      77            ;*   Regs Modified     : SP,SR,r11,r12,r13,r14,r15                           *
      78            ;*   Regs Used         : SP,SR,r11,r12,r13,r14,r15                           *
      79            ;*   Local Frame Size  : 0 Args + 2 Auto + 0 Save = 2 byte                   *
      80            ;*****************************************************************************
      81 000000       main:
      82            ;* --------------------------------------------------------------------------*
      83                    .dwcfi  cfa_offset, 2
      84                    .dwcfi  save_reg_to_mem, 16, -2
      85 000000 8321          SUB.W     #2,SP                 ; [] 
      86                    .dwcfi  cfa_offset, 4
      87            $C$DW$7 .dwtag  DW_TAG_variable
      88                    .dwattr $C$DW$7, DW_AT_name("a")
      89                    .dwattr $C$DW$7, DW_AT_TI_symbol_name("a")
      90                    .dwattr $C$DW$7, DW_AT_type(*$C$DW$T$11)
      91                    .dwattr $C$DW$7, DW_AT_location[DW_OP_breg1 0]
      92            
      93                    .dwpsn  file "../main.c",line 15,column 5,is_stmt,isa 0
      94 000002 40B2          MOV.W     #23168,&WDTCTL+0      ; [] |15| 
         000004 5A80 
         000006 0000!
      95                    .dwpsn  file "../main.c",line 16,column 20,is_stmt,isa 0
      96 000008 40B1          MOV.W     #5,0(SP)              ; [] |16| 
         00000a 0005 
         00000c 0000 
      97                    .dwpsn  file "../main.c",line 17,column 5,is_stmt,isa 0
      98 00000e 412C          MOV.W     0(SP),r12             ; [] |17| 
      99            $C$DW$8 .dwtag  DW_TAG_TI_branch
     100                    .dwattr $C$DW$8, DW_AT_low_pc(0x00)
     101                    .dwattr $C$DW$8, DW_AT_name("print_multiplication_table")
     102                    .dwattr $C$DW$8, DW_AT_TI_call
     103            
     104 000010 12B0          CALL      #print_multiplication_table ; [] |17| 
         000012 0000!
     105                                                      ; [] |17| 
MSP430 Assembler PC v20.2.1 Fri Aug 28 13:49:55 2020

Copyright (c) 2003-2018 Texas Instruments Incorporated
main.asm                                                             PAGE    3

     106                    .dwpsn  file "../main.c",line 19,column 5,is_stmt,isa 0
     107 000014 430C          MOV.W     #0,r12                ; [] |19| 
     108                    .dwpsn  file "../main.c",line 20,column 1,is_stmt,isa 0
     109 000016 5321          ADD.W     #2,SP                 ; [] 
     110                    .dwcfi  cfa_offset, 2
     111            $C$DW$9 .dwtag  DW_TAG_TI_branch
     112                    .dwattr $C$DW$9, DW_AT_low_pc(0x00)
     113                    .dwattr $C$DW$9, DW_AT_TI_return
     114            
     115 000018 4130          RET       ; [] 
     116                    ; [] 
     117                    .dwattr $C$DW$6, DW_AT_TI_end_file("../main.c")
     118                    .dwattr $C$DW$6, DW_AT_TI_end_line(0x14)
     119                    .dwattr $C$DW$6, DW_AT_TI_end_column(0x01)
     120                    .dwendentry
     121                    .dwendtag $C$DW$6
     122            
     123 000000               .sect   ".text:print_multiplication_table"
     124                    .clink
     125                    .global print_multiplication_table
     126            
     127            $C$DW$10        .dwtag  DW_TAG_subprogram
     128                    .dwattr $C$DW$10, DW_AT_name("print_multiplication_table")
     129                    .dwattr $C$DW$10, DW_AT_low_pc(print_multiplication_table)
     130                    .dwattr $C$DW$10, DW_AT_high_pc(0x00)
     131                    .dwattr $C$DW$10, DW_AT_TI_symbol_name("print_multiplication_table")
     132                    .dwattr $C$DW$10, DW_AT_external
     133                    .dwattr $C$DW$10, DW_AT_TI_begin_file("../main.c")
     134                    .dwattr $C$DW$10, DW_AT_TI_begin_line(0x16)
     135                    .dwattr $C$DW$10, DW_AT_TI_begin_column(0x06)
     136                    .dwattr $C$DW$10, DW_AT_decl_file("../main.c")
     137                    .dwattr $C$DW$10, DW_AT_decl_line(0x16)
     138                    .dwattr $C$DW$10, DW_AT_decl_column(0x06)
     139                    .dwattr $C$DW$10, DW_AT_TI_max_frame_size(0x0e)
     140                    .dwpsn  file "../main.c",line 23,column 1,is_stmt,address print_multiplication_table,isa 0
     141            
     142                    .dwfde $C$DW$CIE, print_multiplication_table
     143            $C$DW$11        .dwtag  DW_TAG_formal_parameter
     144                    .dwattr $C$DW$11, DW_AT_name("a")
     145                    .dwattr $C$DW$11, DW_AT_TI_symbol_name("a")
     146                    .dwattr $C$DW$11, DW_AT_type(*$C$DW$T$11)
     147                    .dwattr $C$DW$11, DW_AT_location[DW_OP_reg12]
     148            
     149            
     150            ;*****************************************************************************
     151            ;* FUNCTION NAME: print_multiplication_table                                 *
     152            ;*                                                                           *
     153            ;*   Regs Modified     : SP,SR,r11,r12,r13,r14,r15                           *
     154            ;*   Regs Used         : SP,SR,r11,r12,r13,r14,r15                           *
     155            ;*   Local Frame Size  : 8 Args + 4 Auto + 0 Save = 12 byte                  *
     156            ;*****************************************************************************
     157 000000       print_multiplication_table:
     158            ;* --------------------------------------------------------------------------*
     159                    .dwcfi  cfa_offset, 2
     160                    .dwcfi  save_reg_to_mem, 16, -2
MSP430 Assembler PC v20.2.1 Fri Aug 28 13:49:55 2020

Copyright (c) 2003-2018 Texas Instruments Incorporated
main.asm                                                             PAGE    4

     161 000000 8031          SUB.W     #12,SP                ; [] 
         000002 000C 
     162                    .dwcfi  cfa_offset, 14
     163            $C$DW$12        .dwtag  DW_TAG_variable
     164                    .dwattr $C$DW$12, DW_AT_name("a")
     165                    .dwattr $C$DW$12, DW_AT_TI_symbol_name("a")
     166                    .dwattr $C$DW$12, DW_AT_type(*$C$DW$T$11)
     167                    .dwattr $C$DW$12, DW_AT_location[DW_OP_breg1 8]
     168            
     169            $C$DW$13        .dwtag  DW_TAG_variable
     170                    .dwattr $C$DW$13, DW_AT_name("i")
     171                    .dwattr $C$DW$13, DW_AT_TI_symbol_name("i")
     172                    .dwattr $C$DW$13, DW_AT_type(*$C$DW$T$10)
     173                    .dwattr $C$DW$13, DW_AT_location[DW_OP_breg1 10]
     174            
     175 000004 4C81          MOV.W     r12,8(SP)             ; [] |23| 
         000006 0008 
     176                    .dwpsn  file "../main.c",line 26,column 9,is_stmt,isa 0
     177 000008 4391          MOV.W     #1,10(SP)             ; [] |26| 
         00000a 000A 
     178                    .dwpsn  file "../main.c",line 26,column 16,is_stmt,isa 0
     179 00000c 90B1          CMP.W     #11,10(SP)            ; [] |26| 
         00000e 000B 
         000010 000A 
     180 000012 3419          JGE       $C$L2                 ; [] |26| 
     181                                                      ; [] |26| 
     182            ;* --------------------------------------------------------------------------*
     183            ;*   BEGIN LOOP $C$L1
     184            ;*
     185            ;*   Loop source line                : 26
     186            ;*   Loop closing brace source line  : 29
     187            ;*   Known Minimum Trip Count        : 1
     188            ;*   Known Maximum Trip Count        : 4294967295
     189            ;*   Known Max Trip Count Factor     : 1
     190            ;* --------------------------------------------------------------------------*
     191 000014       $C$L1:    
     192                    .dwpsn  file "../main.c",line 28,column 9,is_stmt,isa 0
     193 000014 411C          MOV.W     8(SP),r12             ; [] |28| 
         000016 0008 
     194 000018 411D          MOV.W     10(SP),r13            ; [] |28| 
         00001a 000A 
     195            $C$DW$14        .dwtag  DW_TAG_TI_branch
     196                    .dwattr $C$DW$14, DW_AT_low_pc(0x00)
     197                    .dwattr $C$DW$14, DW_AT_name("__mspabi_mpyi")
     198                    .dwattr $C$DW$14, DW_AT_TI_call
     199            
     200 00001c 12B0          CALL      #__mspabi_mpyi        ; [] |28| 
         00001e 0000!
     201                                                      ; [] |28| 
     202 000020 40B1          MOV.W     #$C$SL1+0,0(SP)       ; [] |28| 
         000022 0000!
         000024 0000 
     203 000026 4191          MOV.W     8(SP),2(SP)           ; [] |28| 
         000028 0008 
         00002a 0002 
MSP430 Assembler PC v20.2.1 Fri Aug 28 13:49:55 2020

Copyright (c) 2003-2018 Texas Instruments Incorporated
main.asm                                                             PAGE    5

     204 00002c 4191          MOV.W     10(SP),4(SP)          ; [] |28| 
         00002e 000A 
         000030 0004 
     205 000032 4C81          MOV.W     r12,6(SP)             ; [] |28| 
         000034 0006 
     206            $C$DW$15        .dwtag  DW_TAG_TI_branch
     207                    .dwattr $C$DW$15, DW_AT_low_pc(0x00)
     208                    .dwattr $C$DW$15, DW_AT_name("printf")
     209                    .dwattr $C$DW$15, DW_AT_TI_call
     210            
     211 000036 12B0          CALL      #printf               ; [] |28| 
         000038 0000!
     212                                                      ; [] |28| 
     213                    .dwpsn  file "../main.c",line 26,column 25,is_stmt,isa 0
     214 00003a 5391          ADD.W     #1,10(SP)             ; [] |26| 
         00003c 000A 
     215                    .dwpsn  file "../main.c",line 26,column 16,is_stmt,isa 0
     216 00003e 90B1          CMP.W     #11,10(SP)            ; [] |26| 
         000040 000B 
         000042 000A 
     217 000044 3BE7          JL        $C$L1                 ; [] |26| 
     218                                                      ; [] |26| 
     219            ;* --------------------------------------------------------------------------*
     220                    .dwpsn  file "../main.c",line 30,column 1,is_stmt,isa 0
     221            ;* --------------------------------------------------------------------------*
     222 000046       $C$L2:    
     223 000046 5031          ADD.W     #12,SP                ; [] 
         000048 000C 
     224                    .dwcfi  cfa_offset, 2
     225            $C$DW$16        .dwtag  DW_TAG_TI_branch
     226                    .dwattr $C$DW$16, DW_AT_low_pc(0x00)
     227                    .dwattr $C$DW$16, DW_AT_TI_return
     228            
     229 00004a 4130          RET       ; [] 
     230                    ; [] 
     231                    .dwattr $C$DW$10, DW_AT_TI_end_file("../main.c")
     232                    .dwattr $C$DW$10, DW_AT_TI_end_line(0x1e)
     233                    .dwattr $C$DW$10, DW_AT_TI_end_column(0x01)
     234                    .dwendentry
     235                    .dwendtag $C$DW$10
     236            
     237            ;******************************************************************************
     238            ;* STRINGS                                                                    *
     239            ;******************************************************************************
     240 000000               .sect   ".const:.string"
     241                    .align  2
     242 000000 0025  $C$SL1: .string "%d X %d= %d",10,0
         000001 0064 
         000002 0020 
         000003 0058 
         000004 0020 
         000005 0025 
         000006 0064 
         000007 003D 
         000008 0020 
MSP430 Assembler PC v20.2.1 Fri Aug 28 13:49:55 2020

Copyright (c) 2003-2018 Texas Instruments Incorporated
main.asm                                                             PAGE    6

         000009 0025 
         00000a 0064 
         00000b 000A 
         00000c 0000 
     243            ;*****************************************************************************
     244            ;* UNDEFINED EXTERNAL REFERENCES                                             *
     245            ;*****************************************************************************
     246                    .global WDTCTL
     247                    .global printf
     248                    .global __mspabi_mpyi
     249            
     250            ;******************************************************************************
     251            ;* BUILD ATTRIBUTES                                                           *
     252            ;******************************************************************************
     253                    .battr "TI", Tag_File, 1, Tag_LPM_INFO(1)
     254                    .battr "TI", Tag_File, 1, Tag_PORTS_INIT_INFO("012345678901ABCDEFGHIJ0000000000001111000000000
     255                    .battr "TI", Tag_File, 1, Tag_LEA_INFO(1)
     256                    .battr "TI", Tag_File, 1, Tag_HW_MPY32_INFO(2)
     257                    .battr "TI", Tag_File, 1, Tag_HW_MPY_ISR_INFO(1)
     258                    .battr "TI", Tag_File, 1, Tag_HW_MPY_INLINE_INFO(1)
     259                    .battr "mspabi", Tag_File, 1, Tag_enum_size(3)
     260            
     261            ;******************************************************************************
     262            ;* TYPE INFORMATION                                                           *
     263            ;******************************************************************************
     264            
     265            $C$DW$T$21      .dwtag  DW_TAG_structure_type
     266                    .dwattr $C$DW$T$21, DW_AT_byte_size(0x10)
     267            $C$DW$17        .dwtag  DW_TAG_member
     268                    .dwattr $C$DW$17, DW_AT_type(*$C$DW$T$14)
     269                    .dwattr $C$DW$17, DW_AT_name("__max_align1")
     270                    .dwattr $C$DW$17, DW_AT_TI_symbol_name("__max_align1")
     271                    .dwattr $C$DW$17, DW_AT_data_member_location[DW_OP_plus_uconst 0x0]
     272                    .dwattr $C$DW$17, DW_AT_accessibility(DW_ACCESS_public)
     273                    .dwattr $C$DW$17, DW_AT_decl_file("C:/ti/ccs1010/ccs/tools/compiler/ti-cgt-msp430_20.2.1.LTS/i
     274                    .dwattr $C$DW$17, DW_AT_decl_line(0x7b)
     275                    .dwattr $C$DW$17, DW_AT_decl_column(0x0c)
     276            
     277            $C$DW$18        .dwtag  DW_TAG_member
     278                    .dwattr $C$DW$18, DW_AT_type(*$C$DW$T$18)
     279                    .dwattr $C$DW$18, DW_AT_name("__max_align2")
     280                    .dwattr $C$DW$18, DW_AT_TI_symbol_name("__max_align2")
     281                    .dwattr $C$DW$18, DW_AT_data_member_location[DW_OP_plus_uconst 0x8]
     282                    .dwattr $C$DW$18, DW_AT_accessibility(DW_ACCESS_public)
     283                    .dwattr $C$DW$18, DW_AT_decl_file("C:/ti/ccs1010/ccs/tools/compiler/ti-cgt-msp430_20.2.1.LTS/i
     284                    .dwattr $C$DW$18, DW_AT_decl_line(0x7c)
     285                    .dwattr $C$DW$18, DW_AT_decl_column(0x0e)
     286            
     287                    .dwattr $C$DW$T$21, DW_AT_decl_file("C:/ti/ccs1010/ccs/tools/compiler/ti-cgt-msp430_20.2.1.LTS
     288                    .dwattr $C$DW$T$21, DW_AT_decl_line(0x7a)
     289                    .dwattr $C$DW$T$21, DW_AT_decl_column(0x10)
     290                    .dwendtag $C$DW$T$21
     291            
     292            $C$DW$T$24      .dwtag  DW_TAG_typedef
     293                    .dwattr $C$DW$T$24, DW_AT_name("__max_align_t")
MSP430 Assembler PC v20.2.1 Fri Aug 28 13:49:55 2020

Copyright (c) 2003-2018 Texas Instruments Incorporated
main.asm                                                             PAGE    7

     294                    .dwattr $C$DW$T$24, DW_AT_type(*$C$DW$T$21)
     295                    .dwattr $C$DW$T$24, DW_AT_language(DW_LANG_C)
     296                    .dwattr $C$DW$T$24, DW_AT_decl_file("C:/ti/ccs1010/ccs/tools/compiler/ti-cgt-msp430_20.2.1.LTS
     297                    .dwattr $C$DW$T$24, DW_AT_decl_line(0x7d)
     298                    .dwattr $C$DW$T$24, DW_AT_decl_column(0x03)
     299            
     300            $C$DW$T$2       .dwtag  DW_TAG_unspecified_type
     301                    .dwattr $C$DW$T$2, DW_AT_name("void")
     302            
     303            
     304            $C$DW$T$26      .dwtag  DW_TAG_subroutine_type
     305                    .dwattr $C$DW$T$26, DW_AT_language(DW_LANG_C)
     306                    .dwendtag $C$DW$T$26
     307            
     308            $C$DW$T$27      .dwtag  DW_TAG_pointer_type
     309                    .dwattr $C$DW$T$27, DW_AT_type(*$C$DW$T$26)
     310                    .dwattr $C$DW$T$27, DW_AT_address_class(0x10)
     311            
     312            $C$DW$T$28      .dwtag  DW_TAG_typedef
     313                    .dwattr $C$DW$T$28, DW_AT_name("__SFR_FARPTR")
     314                    .dwattr $C$DW$T$28, DW_AT_type(*$C$DW$T$27)
     315                    .dwattr $C$DW$T$28, DW_AT_language(DW_LANG_C)
     316                    .dwattr $C$DW$T$28, DW_AT_decl_file("C:\ti\ccs1010\ccs\ccs_base\msp430\include\msp430f5529.h")
     317                    .dwattr $C$DW$T$28, DW_AT_decl_line(0x4a)
     318                    .dwattr $C$DW$T$28, DW_AT_decl_column(0x11)
     319            
     320            $C$DW$T$4       .dwtag  DW_TAG_base_type
     321                    .dwattr $C$DW$T$4, DW_AT_encoding(DW_ATE_boolean)
     322                    .dwattr $C$DW$T$4, DW_AT_name("bool")
     323                    .dwattr $C$DW$T$4, DW_AT_byte_size(0x01)
     324            
     325            $C$DW$T$5       .dwtag  DW_TAG_base_type
     326                    .dwattr $C$DW$T$5, DW_AT_encoding(DW_ATE_signed_char)
     327                    .dwattr $C$DW$T$5, DW_AT_name("signed char")
     328                    .dwattr $C$DW$T$5, DW_AT_byte_size(0x01)
     329            
     330            $C$DW$T$29      .dwtag  DW_TAG_typedef
     331                    .dwattr $C$DW$T$29, DW_AT_name("__int8_t")
     332                    .dwattr $C$DW$T$29, DW_AT_type(*$C$DW$T$5)
     333                    .dwattr $C$DW$T$29, DW_AT_language(DW_LANG_C)
     334                    .dwattr $C$DW$T$29, DW_AT_decl_file("C:/ti/ccs1010/ccs/tools/compiler/ti-cgt-msp430_20.2.1.LTS
     335                    .dwattr $C$DW$T$29, DW_AT_decl_line(0x36)
     336                    .dwattr $C$DW$T$29, DW_AT_decl_column(0x16)
     337            
     338            $C$DW$T$30      .dwtag  DW_TAG_typedef
     339                    .dwattr $C$DW$T$30, DW_AT_name("__int_least8_t")
     340                    .dwattr $C$DW$T$30, DW_AT_type(*$C$DW$T$29)
     341                    .dwattr $C$DW$T$30, DW_AT_language(DW_LANG_C)
     342                    .dwattr $C$DW$T$30, DW_AT_decl_file("C:/ti/ccs1010/ccs/tools/compiler/ti-cgt-msp430_20.2.1.LTS
     343                    .dwattr $C$DW$T$30, DW_AT_decl_line(0x5a)
     344                    .dwattr $C$DW$T$30, DW_AT_decl_column(0x12)
     345            
     346            $C$DW$T$6       .dwtag  DW_TAG_base_type
     347                    .dwattr $C$DW$T$6, DW_AT_encoding(DW_ATE_unsigned_char)
     348                    .dwattr $C$DW$T$6, DW_AT_name("unsigned char")
MSP430 Assembler PC v20.2.1 Fri Aug 28 13:49:55 2020

Copyright (c) 2003-2018 Texas Instruments Incorporated
main.asm                                                             PAGE    8

     349                    .dwattr $C$DW$T$6, DW_AT_byte_size(0x01)
     350            
     351            $C$DW$T$22      .dwtag  DW_TAG_pointer_type
     352                    .dwattr $C$DW$T$22, DW_AT_type(*$C$DW$T$6)
     353                    .dwattr $C$DW$T$22, DW_AT_address_class(0x10)
     354            
     355            $C$DW$T$31      .dwtag  DW_TAG_typedef
     356                    .dwattr $C$DW$T$31, DW_AT_name("__uint8_t")
     357                    .dwattr $C$DW$T$31, DW_AT_type(*$C$DW$T$6)
     358                    .dwattr $C$DW$T$31, DW_AT_language(DW_LANG_C)
     359                    .dwattr $C$DW$T$31, DW_AT_decl_file("C:/ti/ccs1010/ccs/tools/compiler/ti-cgt-msp430_20.2.1.LTS
     360                    .dwattr $C$DW$T$31, DW_AT_decl_line(0x37)
     361                    .dwattr $C$DW$T$31, DW_AT_decl_column(0x18)
     362            
     363            $C$DW$T$32      .dwtag  DW_TAG_typedef
     364                    .dwattr $C$DW$T$32, DW_AT_name("__sa_family_t")
     365                    .dwattr $C$DW$T$32, DW_AT_type(*$C$DW$T$31)
     366                    .dwattr $C$DW$T$32, DW_AT_language(DW_LANG_C)
     367                    .dwattr $C$DW$T$32, DW_AT_decl_file("C:/ti/ccs1010/ccs/tools/compiler/ti-cgt-msp430_20.2.1.LTS
     368                    .dwattr $C$DW$T$32, DW_AT_decl_line(0x47)
     369                    .dwattr $C$DW$T$32, DW_AT_decl_column(0x13)
     370            
     371            $C$DW$T$33      .dwtag  DW_TAG_typedef
     372                    .dwattr $C$DW$T$33, DW_AT_name("__uint_least8_t")
     373                    .dwattr $C$DW$T$33, DW_AT_type(*$C$DW$T$31)
     374                    .dwattr $C$DW$T$33, DW_AT_language(DW_LANG_C)
     375                    .dwattr $C$DW$T$33, DW_AT_decl_file("C:/ti/ccs1010/ccs/tools/compiler/ti-cgt-msp430_20.2.1.LTS
     376                    .dwattr $C$DW$T$33, DW_AT_decl_line(0x74)
     377                    .dwattr $C$DW$T$33, DW_AT_decl_column(0x13)
     378            
     379            $C$DW$T$7       .dwtag  DW_TAG_base_type
     380                    .dwattr $C$DW$T$7, DW_AT_encoding(DW_ATE_signed_char)
     381                    .dwattr $C$DW$T$7, DW_AT_name("wchar_t")
     382                    .dwattr $C$DW$T$7, DW_AT_byte_size(0x02)
     383            
     384            $C$DW$T$8       .dwtag  DW_TAG_base_type
     385                    .dwattr $C$DW$T$8, DW_AT_encoding(DW_ATE_signed)
     386                    .dwattr $C$DW$T$8, DW_AT_name("short")
     387                    .dwattr $C$DW$T$8, DW_AT_byte_size(0x02)
     388            
     389            $C$DW$T$9       .dwtag  DW_TAG_base_type
     390                    .dwattr $C$DW$T$9, DW_AT_encoding(DW_ATE_unsigned)
     391                    .dwattr $C$DW$T$9, DW_AT_name("unsigned short")
     392                    .dwattr $C$DW$T$9, DW_AT_byte_size(0x02)
     393            
     394            $C$DW$T$10      .dwtag  DW_TAG_base_type
     395                    .dwattr $C$DW$T$10, DW_AT_encoding(DW_ATE_signed)
     396                    .dwattr $C$DW$T$10, DW_AT_name("int")
     397                    .dwattr $C$DW$T$10, DW_AT_byte_size(0x02)
     398            
     399            $C$DW$T$34      .dwtag  DW_TAG_typedef
     400                    .dwattr $C$DW$T$34, DW_AT_name("_Mbstatet")
     401                    .dwattr $C$DW$T$34, DW_AT_type(*$C$DW$T$10)
     402                    .dwattr $C$DW$T$34, DW_AT_language(DW_LANG_C)
     403                    .dwattr $C$DW$T$34, DW_AT_decl_file("C:/ti/ccs1010/ccs/tools/compiler/ti-cgt-msp430_20.2.1.LTS
MSP430 Assembler PC v20.2.1 Fri Aug 28 13:49:55 2020

Copyright (c) 2003-2018 Texas Instruments Incorporated
main.asm                                                             PAGE    9

     404                    .dwattr $C$DW$T$34, DW_AT_decl_line(0x8f)
     405                    .dwattr $C$DW$T$34, DW_AT_decl_column(0x0d)
     406            
     407            $C$DW$T$35      .dwtag  DW_TAG_typedef
     408                    .dwattr $C$DW$T$35, DW_AT_name("__mbstate_t")
     409                    .dwattr $C$DW$T$35, DW_AT_type(*$C$DW$T$34)
     410                    .dwattr $C$DW$T$35, DW_AT_language(DW_LANG_C)
     411                    .dwattr $C$DW$T$35, DW_AT_decl_file("C:/ti/ccs1010/ccs/tools/compiler/ti-cgt-msp430_20.2.1.LTS
     412                    .dwattr $C$DW$T$35, DW_AT_decl_line(0x92)
     413                    .dwattr $C$DW$T$35, DW_AT_decl_column(0x13)
     414            
     415            $C$DW$T$36      .dwtag  DW_TAG_typedef
     416                    .dwattr $C$DW$T$36, DW_AT_name("__accmode_t")
     417                    .dwattr $C$DW$T$36, DW_AT_type(*$C$DW$T$10)
     418                    .dwattr $C$DW$T$36, DW_AT_language(DW_LANG_C)
     419                    .dwattr $C$DW$T$36, DW_AT_decl_file("C:/ti/ccs1010/ccs/tools/compiler/ti-cgt-msp430_20.2.1.LTS
     420                    .dwattr $C$DW$T$36, DW_AT_decl_line(0x3b)
     421                    .dwattr $C$DW$T$36, DW_AT_decl_column(0x0e)
     422            
     423            $C$DW$T$45      .dwtag  DW_TAG_typedef
     424                    .dwattr $C$DW$T$45, DW_AT_name("__cpulevel_t")
     425                    .dwattr $C$DW$T$45, DW_AT_type(*$C$DW$T$10)
     426                    .dwattr $C$DW$T$45, DW_AT_language(DW_LANG_C)
     427                    .dwattr $C$DW$T$45, DW_AT_decl_file("C:/ti/ccs1010/ccs/tools/compiler/ti-cgt-msp430_20.2.1.LTS
     428                    .dwattr $C$DW$T$45, DW_AT_decl_line(0x50)
     429                    .dwattr $C$DW$T$45, DW_AT_decl_column(0x0e)
     430            
     431            $C$DW$T$46      .dwtag  DW_TAG_typedef
     432                    .dwattr $C$DW$T$46, DW_AT_name("__cpusetid_t")
     433                    .dwattr $C$DW$T$46, DW_AT_type(*$C$DW$T$10)
     434                    .dwattr $C$DW$T$46, DW_AT_language(DW_LANG_C)
     435                    .dwattr $C$DW$T$46, DW_AT_decl_file("C:/ti/ccs1010/ccs/tools/compiler/ti-cgt-msp430_20.2.1.LTS
     436                    .dwattr $C$DW$T$46, DW_AT_decl_line(0x51)
     437                    .dwattr $C$DW$T$46, DW_AT_decl_column(0x0e)
     438            
     439            $C$DW$T$47      .dwtag  DW_TAG_typedef
     440                    .dwattr $C$DW$T$47, DW_AT_name("__cpuwhich_t")
     441                    .dwattr $C$DW$T$47, DW_AT_type(*$C$DW$T$10)
     442                    .dwattr $C$DW$T$47, DW_AT_language(DW_LANG_C)
     443                    .dwattr $C$DW$T$47, DW_AT_decl_file("C:/ti/ccs1010/ccs/tools/compiler/ti-cgt-msp430_20.2.1.LTS
     444                    .dwattr $C$DW$T$47, DW_AT_decl_line(0x4f)
     445                    .dwattr $C$DW$T$47, DW_AT_decl_column(0x0e)
     446            
     447            $C$DW$T$48      .dwtag  DW_TAG_typedef
     448                    .dwattr $C$DW$T$48, DW_AT_name("__ct_rune_t")
     449                    .dwattr $C$DW$T$48, DW_AT_type(*$C$DW$T$10)
     450                    .dwattr $C$DW$T$48, DW_AT_language(DW_LANG_C)
     451                    .dwattr $C$DW$T$48, DW_AT_decl_file("C:/ti/ccs1010/ccs/tools/compiler/ti-cgt-msp430_20.2.1.LTS
     452                    .dwattr $C$DW$T$48, DW_AT_decl_line(0x69)
     453                    .dwattr $C$DW$T$48, DW_AT_decl_column(0x0e)
     454            
     455            $C$DW$T$49      .dwtag  DW_TAG_typedef
     456                    .dwattr $C$DW$T$49, DW_AT_name("__rune_t")
     457                    .dwattr $C$DW$T$49, DW_AT_type(*$C$DW$T$48)
     458                    .dwattr $C$DW$T$49, DW_AT_language(DW_LANG_C)
MSP430 Assembler PC v20.2.1 Fri Aug 28 13:49:55 2020

Copyright (c) 2003-2018 Texas Instruments Incorporated
main.asm                                                             PAGE   10

     459                    .dwattr $C$DW$T$49, DW_AT_decl_file("C:/ti/ccs1010/ccs/tools/compiler/ti-cgt-msp430_20.2.1.LTS
     460                    .dwattr $C$DW$T$49, DW_AT_decl_line(0x6c)
     461                    .dwattr $C$DW$T$49, DW_AT_decl_column(0x15)
     462            
     463            $C$DW$T$50      .dwtag  DW_TAG_typedef
     464                    .dwattr $C$DW$T$50, DW_AT_name("__wint_t")
     465                    .dwattr $C$DW$T$50, DW_AT_type(*$C$DW$T$48)
     466                    .dwattr $C$DW$T$50, DW_AT_language(DW_LANG_C)
     467                    .dwattr $C$DW$T$50, DW_AT_decl_file("C:/ti/ccs1010/ccs/tools/compiler/ti-cgt-msp430_20.2.1.LTS
     468                    .dwattr $C$DW$T$50, DW_AT_decl_line(0x6d)
     469                    .dwattr $C$DW$T$50, DW_AT_decl_column(0x15)
     470            
     471            $C$DW$T$51      .dwtag  DW_TAG_typedef
     472                    .dwattr $C$DW$T$51, DW_AT_name("__int16_t")
     473                    .dwattr $C$DW$T$51, DW_AT_type(*$C$DW$T$10)
     474                    .dwattr $C$DW$T$51, DW_AT_language(DW_LANG_C)
     475                    .dwattr $C$DW$T$51, DW_AT_decl_file("C:/ti/ccs1010/ccs/tools/compiler/ti-cgt-msp430_20.2.1.LTS
     476                    .dwattr $C$DW$T$51, DW_AT_decl_line(0x38)
     477                    .dwattr $C$DW$T$51, DW_AT_decl_column(0x0f)
     478            
     479            $C$DW$T$52      .dwtag  DW_TAG_typedef
     480                    .dwattr $C$DW$T$52, DW_AT_name("__int_fast16_t")
     481                    .dwattr $C$DW$T$52, DW_AT_type(*$C$DW$T$51)
     482                    .dwattr $C$DW$T$52, DW_AT_language(DW_LANG_C)
     483                    .dwattr $C$DW$T$52, DW_AT_decl_file("C:/ti/ccs1010/ccs/tools/compiler/ti-cgt-msp430_20.2.1.LTS
     484                    .dwattr $C$DW$T$52, DW_AT_decl_line(0x57)
     485                    .dwattr $C$DW$T$52, DW_AT_decl_column(0x13)
     486            
     487            $C$DW$T$53      .dwtag  DW_TAG_typedef
     488                    .dwattr $C$DW$T$53, DW_AT_name("__int_fast8_t")
     489                    .dwattr $C$DW$T$53, DW_AT_type(*$C$DW$T$51)
     490                    .dwattr $C$DW$T$53, DW_AT_language(DW_LANG_C)
     491                    .dwattr $C$DW$T$53, DW_AT_decl_file("C:/ti/ccs1010/ccs/tools/compiler/ti-cgt-msp430_20.2.1.LTS
     492                    .dwattr $C$DW$T$53, DW_AT_decl_line(0x56)
     493                    .dwattr $C$DW$T$53, DW_AT_decl_column(0x13)
     494            
     495            $C$DW$T$54      .dwtag  DW_TAG_typedef
     496                    .dwattr $C$DW$T$54, DW_AT_name("__int_least16_t")
     497                    .dwattr $C$DW$T$54, DW_AT_type(*$C$DW$T$51)
     498                    .dwattr $C$DW$T$54, DW_AT_language(DW_LANG_C)
     499                    .dwattr $C$DW$T$54, DW_AT_decl_file("C:/ti/ccs1010/ccs/tools/compiler/ti-cgt-msp430_20.2.1.LTS
     500                    .dwattr $C$DW$T$54, DW_AT_decl_line(0x5b)
     501                    .dwattr $C$DW$T$54, DW_AT_decl_column(0x13)
     502            
     503            $C$DW$T$55      .dwtag  DW_TAG_typedef
     504                    .dwattr $C$DW$T$55, DW_AT_name("__intptr_t")
     505                    .dwattr $C$DW$T$55, DW_AT_type(*$C$DW$T$51)
     506                    .dwattr $C$DW$T$55, DW_AT_language(DW_LANG_C)
     507                    .dwattr $C$DW$T$55, DW_AT_decl_file("C:/ti/ccs1010/ccs/tools/compiler/ti-cgt-msp430_20.2.1.LTS
     508                    .dwattr $C$DW$T$55, DW_AT_decl_line(0x53)
     509                    .dwattr $C$DW$T$55, DW_AT_decl_column(0x19)
     510            
     511            $C$DW$T$56      .dwtag  DW_TAG_typedef
     512                    .dwattr $C$DW$T$56, DW_AT_name("__register_t")
     513                    .dwattr $C$DW$T$56, DW_AT_type(*$C$DW$T$51)
MSP430 Assembler PC v20.2.1 Fri Aug 28 13:49:55 2020

Copyright (c) 2003-2018 Texas Instruments Incorporated
main.asm                                                             PAGE   11

     514                    .dwattr $C$DW$T$56, DW_AT_language(DW_LANG_C)
     515                    .dwattr $C$DW$T$56, DW_AT_decl_file("C:/ti/ccs1010/ccs/tools/compiler/ti-cgt-msp430_20.2.1.LTS
     516                    .dwattr $C$DW$T$56, DW_AT_decl_line(0x5f)
     517                    .dwattr $C$DW$T$56, DW_AT_decl_column(0x13)
     518            
     519            $C$DW$T$57      .dwtag  DW_TAG_typedef
     520                    .dwattr $C$DW$T$57, DW_AT_name("__nl_item")
     521                    .dwattr $C$DW$T$57, DW_AT_type(*$C$DW$T$10)
     522                    .dwattr $C$DW$T$57, DW_AT_language(DW_LANG_C)
     523                    .dwattr $C$DW$T$57, DW_AT_decl_file("C:/ti/ccs1010/ccs/tools/compiler/ti-cgt-msp430_20.2.1.LTS
     524                    .dwattr $C$DW$T$57, DW_AT_decl_line(0x3c)
     525                    .dwattr $C$DW$T$57, DW_AT_decl_column(0x0e)
     526            
     527            $C$DW$T$58      .dwtag  DW_TAG_typedef
     528                    .dwattr $C$DW$T$58, DW_AT_name("__ptrdiff_t")
     529                    .dwattr $C$DW$T$58, DW_AT_type(*$C$DW$T$10)
     530                    .dwattr $C$DW$T$58, DW_AT_language(DW_LANG_C)
     531                    .dwattr $C$DW$T$58, DW_AT_decl_file("C:/ti/ccs1010/ccs/tools/compiler/ti-cgt-msp430_20.2.1.LTS
     532                    .dwattr $C$DW$T$58, DW_AT_decl_line(0x5e)
     533                    .dwattr $C$DW$T$58, DW_AT_decl_column(0x1c)
     534            
     535            $C$DW$T$11      .dwtag  DW_TAG_base_type
     536                    .dwattr $C$DW$T$11, DW_AT_encoding(DW_ATE_unsigned)
     537                    .dwattr $C$DW$T$11, DW_AT_name("unsigned int")
     538                    .dwattr $C$DW$T$11, DW_AT_byte_size(0x02)
     539            
     540            $C$DW$T$59      .dwtag  DW_TAG_typedef
     541                    .dwattr $C$DW$T$59, DW_AT_name("___wchar_t")
     542                    .dwattr $C$DW$T$59, DW_AT_type(*$C$DW$T$11)
     543                    .dwattr $C$DW$T$59, DW_AT_language(DW_LANG_C)
     544                    .dwattr $C$DW$T$59, DW_AT_decl_file("C:/ti/ccs1010/ccs/tools/compiler/ti-cgt-msp430_20.2.1.LTS
     545                    .dwattr $C$DW$T$59, DW_AT_decl_line(0x7d)
     546                    .dwattr $C$DW$T$59, DW_AT_decl_column(0x1a)
     547            
     548            $C$DW$T$60      .dwtag  DW_TAG_volatile_type
     549                    .dwattr $C$DW$T$60, DW_AT_type(*$C$DW$T$11)
     550            
     551            $C$DW$T$61      .dwtag  DW_TAG_typedef
     552                    .dwattr $C$DW$T$61, DW_AT_name("__size_t")
     553                    .dwattr $C$DW$T$61, DW_AT_type(*$C$DW$T$11)
     554                    .dwattr $C$DW$T$61, DW_AT_language(DW_LANG_C)
     555                    .dwattr $C$DW$T$61, DW_AT_decl_file("C:/ti/ccs1010/ccs/tools/compiler/ti-cgt-msp430_20.2.1.LTS
     556                    .dwattr $C$DW$T$61, DW_AT_decl_line(0x61)
     557                    .dwattr $C$DW$T$61, DW_AT_decl_column(0x19)
     558            
     559            $C$DW$T$62      .dwtag  DW_TAG_typedef
     560                    .dwattr $C$DW$T$62, DW_AT_name("__uint16_t")
     561                    .dwattr $C$DW$T$62, DW_AT_type(*$C$DW$T$11)
     562                    .dwattr $C$DW$T$62, DW_AT_language(DW_LANG_C)
     563                    .dwattr $C$DW$T$62, DW_AT_decl_file("C:/ti/ccs1010/ccs/tools/compiler/ti-cgt-msp430_20.2.1.LTS
     564                    .dwattr $C$DW$T$62, DW_AT_decl_line(0x39)
     565                    .dwattr $C$DW$T$62, DW_AT_decl_column(0x17)
     566            
     567            $C$DW$T$63      .dwtag  DW_TAG_typedef
     568                    .dwattr $C$DW$T$63, DW_AT_name("__mode_t")
MSP430 Assembler PC v20.2.1 Fri Aug 28 13:49:55 2020

Copyright (c) 2003-2018 Texas Instruments Incorporated
main.asm                                                             PAGE   12

     569                    .dwattr $C$DW$T$63, DW_AT_type(*$C$DW$T$62)
     570                    .dwattr $C$DW$T$63, DW_AT_language(DW_LANG_C)
     571                    .dwattr $C$DW$T$63, DW_AT_decl_file("C:/ti/ccs1010/ccs/tools/compiler/ti-cgt-msp430_20.2.1.LTS
     572                    .dwattr $C$DW$T$63, DW_AT_decl_line(0x3a)
     573                    .dwattr $C$DW$T$63, DW_AT_decl_column(0x14)
     574            
     575            $C$DW$T$64      .dwtag  DW_TAG_typedef
     576                    .dwattr $C$DW$T$64, DW_AT_name("__u_register_t")
     577                    .dwattr $C$DW$T$64, DW_AT_type(*$C$DW$T$62)
     578                    .dwattr $C$DW$T$64, DW_AT_language(DW_LANG_C)
     579                    .dwattr $C$DW$T$64, DW_AT_decl_file("C:/ti/ccs1010/ccs/tools/compiler/ti-cgt-msp430_20.2.1.LTS
     580                    .dwattr $C$DW$T$64, DW_AT_decl_line(0x78)
     581                    .dwattr $C$DW$T$64, DW_AT_decl_column(0x14)
     582            
     583            $C$DW$T$65      .dwtag  DW_TAG_typedef
     584                    .dwattr $C$DW$T$65, DW_AT_name("__uint_fast16_t")
     585                    .dwattr $C$DW$T$65, DW_AT_type(*$C$DW$T$62)
     586                    .dwattr $C$DW$T$65, DW_AT_language(DW_LANG_C)
     587                    .dwattr $C$DW$T$65, DW_AT_decl_file("C:/ti/ccs1010/ccs/tools/compiler/ti-cgt-msp430_20.2.1.LTS
     588                    .dwattr $C$DW$T$65, DW_AT_decl_line(0x71)
     589                    .dwattr $C$DW$T$65, DW_AT_decl_column(0x14)
     590            
     591            $C$DW$T$66      .dwtag  DW_TAG_typedef
     592                    .dwattr $C$DW$T$66, DW_AT_name("__uint_fast8_t")
     593                    .dwattr $C$DW$T$66, DW_AT_type(*$C$DW$T$62)
     594                    .dwattr $C$DW$T$66, DW_AT_language(DW_LANG_C)
     595                    .dwattr $C$DW$T$66, DW_AT_decl_file("C:/ti/ccs1010/ccs/tools/compiler/ti-cgt-msp430_20.2.1.LTS
     596                    .dwattr $C$DW$T$66, DW_AT_decl_line(0x70)
     597                    .dwattr $C$DW$T$66, DW_AT_decl_column(0x14)
     598            
     599            $C$DW$T$67      .dwtag  DW_TAG_typedef
     600                    .dwattr $C$DW$T$67, DW_AT_name("__uint_least16_t")
     601                    .dwattr $C$DW$T$67, DW_AT_type(*$C$DW$T$62)
     602                    .dwattr $C$DW$T$67, DW_AT_language(DW_LANG_C)
     603                    .dwattr $C$DW$T$67, DW_AT_decl_file("C:/ti/ccs1010/ccs/tools/compiler/ti-cgt-msp430_20.2.1.LTS
     604                    .dwattr $C$DW$T$67, DW_AT_decl_line(0x75)
     605                    .dwattr $C$DW$T$67, DW_AT_decl_column(0x14)
     606            
     607            $C$DW$T$68      .dwtag  DW_TAG_typedef
     608                    .dwattr $C$DW$T$68, DW_AT_name("__char16_t")
     609                    .dwattr $C$DW$T$68, DW_AT_type(*$C$DW$T$67)
     610                    .dwattr $C$DW$T$68, DW_AT_language(DW_LANG_C)
     611                    .dwattr $C$DW$T$68, DW_AT_decl_file("C:/ti/ccs1010/ccs/tools/compiler/ti-cgt-msp430_20.2.1.LTS
     612                    .dwattr $C$DW$T$68, DW_AT_decl_line(0x71)
     613                    .dwattr $C$DW$T$68, DW_AT_decl_column(0x1a)
     614            
     615            $C$DW$T$69      .dwtag  DW_TAG_typedef
     616                    .dwattr $C$DW$T$69, DW_AT_name("__uintptr_t")
     617                    .dwattr $C$DW$T$69, DW_AT_type(*$C$DW$T$62)
     618                    .dwattr $C$DW$T$69, DW_AT_language(DW_LANG_C)
     619                    .dwattr $C$DW$T$69, DW_AT_decl_file("C:/ti/ccs1010/ccs/tools/compiler/ti-cgt-msp430_20.2.1.LTS
     620                    .dwattr $C$DW$T$69, DW_AT_decl_line(0x6d)
     621                    .dwattr $C$DW$T$69, DW_AT_decl_column(0x14)
     622            
     623            $C$DW$T$70      .dwtag  DW_TAG_typedef
MSP430 Assembler PC v20.2.1 Fri Aug 28 13:49:55 2020

Copyright (c) 2003-2018 Texas Instruments Incorporated
main.asm                                                             PAGE   13

     624                    .dwattr $C$DW$T$70, DW_AT_name("__useconds_t")
     625                    .dwattr $C$DW$T$70, DW_AT_type(*$C$DW$T$11)
     626                    .dwattr $C$DW$T$70, DW_AT_language(DW_LANG_C)
     627                    .dwattr $C$DW$T$70, DW_AT_decl_file("C:/ti/ccs1010/ccs/tools/compiler/ti-cgt-msp430_20.2.1.LTS
     628                    .dwattr $C$DW$T$70, DW_AT_decl_line(0x4e)
     629                    .dwattr $C$DW$T$70, DW_AT_decl_column(0x16)
     630            
     631            $C$DW$T$71      .dwtag  DW_TAG_typedef
     632                    .dwattr $C$DW$T$71, DW_AT_name("size_t")
     633                    .dwattr $C$DW$T$71, DW_AT_type(*$C$DW$T$11)
     634                    .dwattr $C$DW$T$71, DW_AT_language(DW_LANG_C)
     635                    .dwattr $C$DW$T$71, DW_AT_decl_file("C:/ti/ccs1010/ccs/tools/compiler/ti-cgt-msp430_20.2.1.LTS
     636                    .dwattr $C$DW$T$71, DW_AT_decl_line(0x4d)
     637                    .dwattr $C$DW$T$71, DW_AT_decl_column(0x19)
     638            
     639            $C$DW$T$12      .dwtag  DW_TAG_base_type
     640                    .dwattr $C$DW$T$12, DW_AT_encoding(DW_ATE_signed)
     641                    .dwattr $C$DW$T$12, DW_AT_name("long")
     642                    .dwattr $C$DW$T$12, DW_AT_byte_size(0x04)
     643            
     644            $C$DW$T$72      .dwtag  DW_TAG_typedef
     645                    .dwattr $C$DW$T$72, DW_AT_name("__int32_t")
     646                    .dwattr $C$DW$T$72, DW_AT_type(*$C$DW$T$12)
     647                    .dwattr $C$DW$T$72, DW_AT_language(DW_LANG_C)
     648                    .dwattr $C$DW$T$72, DW_AT_decl_file("C:/ti/ccs1010/ccs/tools/compiler/ti-cgt-msp430_20.2.1.LTS
     649                    .dwattr $C$DW$T$72, DW_AT_decl_line(0x3a)
     650                    .dwattr $C$DW$T$72, DW_AT_decl_column(0x10)
     651            
     652            $C$DW$T$73      .dwtag  DW_TAG_typedef
     653                    .dwattr $C$DW$T$73, DW_AT_name("__blksize_t")
     654                    .dwattr $C$DW$T$73, DW_AT_type(*$C$DW$T$72)
     655                    .dwattr $C$DW$T$73, DW_AT_language(DW_LANG_C)
     656                    .dwattr $C$DW$T$73, DW_AT_decl_file("C:/ti/ccs1010/ccs/tools/compiler/ti-cgt-msp430_20.2.1.LTS
     657                    .dwattr $C$DW$T$73, DW_AT_decl_line(0x2f)
     658                    .dwattr $C$DW$T$73, DW_AT_decl_column(0x13)
     659            
     660            $C$DW$T$74      .dwtag  DW_TAG_typedef
     661                    .dwattr $C$DW$T$74, DW_AT_name("__clockid_t")
     662                    .dwattr $C$DW$T$74, DW_AT_type(*$C$DW$T$72)
     663                    .dwattr $C$DW$T$74, DW_AT_language(DW_LANG_C)
     664                    .dwattr $C$DW$T$74, DW_AT_decl_file("C:/ti/ccs1010/ccs/tools/compiler/ti-cgt-msp430_20.2.1.LTS
     665                    .dwattr $C$DW$T$74, DW_AT_decl_line(0x31)
     666                    .dwattr $C$DW$T$74, DW_AT_decl_column(0x13)
     667            
     668            $C$DW$T$75      .dwtag  DW_TAG_typedef
     669                    .dwattr $C$DW$T$75, DW_AT_name("__critical_t")
     670                    .dwattr $C$DW$T$75, DW_AT_type(*$C$DW$T$72)
     671                    .dwattr $C$DW$T$75, DW_AT_language(DW_LANG_C)
     672                    .dwattr $C$DW$T$75, DW_AT_decl_file("C:/ti/ccs1010/ccs/tools/compiler/ti-cgt-msp430_20.2.1.LTS
     673                    .dwattr $C$DW$T$75, DW_AT_decl_line(0x4b)
     674                    .dwattr $C$DW$T$75, DW_AT_decl_column(0x13)
     675            
     676            $C$DW$T$76      .dwtag  DW_TAG_typedef
     677                    .dwattr $C$DW$T$76, DW_AT_name("__int_fast32_t")
     678                    .dwattr $C$DW$T$76, DW_AT_type(*$C$DW$T$72)
MSP430 Assembler PC v20.2.1 Fri Aug 28 13:49:55 2020

Copyright (c) 2003-2018 Texas Instruments Incorporated
main.asm                                                             PAGE   14

     679                    .dwattr $C$DW$T$76, DW_AT_language(DW_LANG_C)
     680                    .dwattr $C$DW$T$76, DW_AT_decl_file("C:/ti/ccs1010/ccs/tools/compiler/ti-cgt-msp430_20.2.1.LTS
     681                    .dwattr $C$DW$T$76, DW_AT_decl_line(0x58)
     682                    .dwattr $C$DW$T$76, DW_AT_decl_column(0x13)
     683            
     684            $C$DW$T$77      .dwtag  DW_TAG_typedef
     685                    .dwattr $C$DW$T$77, DW_AT_name("__int_least32_t")
     686                    .dwattr $C$DW$T$77, DW_AT_type(*$C$DW$T$72)
     687                    .dwattr $C$DW$T$77, DW_AT_language(DW_LANG_C)
     688                    .dwattr $C$DW$T$77, DW_AT_decl_file("C:/ti/ccs1010/ccs/tools/compiler/ti-cgt-msp430_20.2.1.LTS
     689                    .dwattr $C$DW$T$77, DW_AT_decl_line(0x5c)
     690                    .dwattr $C$DW$T$77, DW_AT_decl_column(0x13)
     691            
     692            $C$DW$T$78      .dwtag  DW_TAG_typedef
     693                    .dwattr $C$DW$T$78, DW_AT_name("__intfptr_t")
     694                    .dwattr $C$DW$T$78, DW_AT_type(*$C$DW$T$72)
     695                    .dwattr $C$DW$T$78, DW_AT_language(DW_LANG_C)
     696                    .dwattr $C$DW$T$78, DW_AT_decl_file("C:/ti/ccs1010/ccs/tools/compiler/ti-cgt-msp430_20.2.1.LTS
     697                    .dwattr $C$DW$T$78, DW_AT_decl_line(0x4e)
     698                    .dwattr $C$DW$T$78, DW_AT_decl_column(0x13)
     699            
     700            $C$DW$T$79      .dwtag  DW_TAG_typedef
     701                    .dwattr $C$DW$T$79, DW_AT_name("__lwpid_t")
     702                    .dwattr $C$DW$T$79, DW_AT_type(*$C$DW$T$72)
     703                    .dwattr $C$DW$T$79, DW_AT_language(DW_LANG_C)
     704                    .dwattr $C$DW$T$79, DW_AT_decl_file("C:/ti/ccs1010/ccs/tools/compiler/ti-cgt-msp430_20.2.1.LTS
     705                    .dwattr $C$DW$T$79, DW_AT_decl_line(0x39)
     706                    .dwattr $C$DW$T$79, DW_AT_decl_column(0x13)
     707            
     708            $C$DW$T$80      .dwtag  DW_TAG_typedef
     709                    .dwattr $C$DW$T$80, DW_AT_name("__pid_t")
     710                    .dwattr $C$DW$T$80, DW_AT_type(*$C$DW$T$72)
     711                    .dwattr $C$DW$T$80, DW_AT_language(DW_LANG_C)
     712                    .dwattr $C$DW$T$80, DW_AT_decl_file("C:/ti/ccs1010/ccs/tools/compiler/ti-cgt-msp430_20.2.1.LTS
     713                    .dwattr $C$DW$T$80, DW_AT_decl_line(0x40)
     714                    .dwattr $C$DW$T$80, DW_AT_decl_column(0x13)
     715            
     716            $C$DW$T$81      .dwtag  DW_TAG_typedef
     717                    .dwattr $C$DW$T$81, DW_AT_name("__segsz_t")
     718                    .dwattr $C$DW$T$81, DW_AT_type(*$C$DW$T$72)
     719                    .dwattr $C$DW$T$81, DW_AT_language(DW_LANG_C)
     720                    .dwattr $C$DW$T$81, DW_AT_decl_file("C:/ti/ccs1010/ccs/tools/compiler/ti-cgt-msp430_20.2.1.LTS
     721                    .dwattr $C$DW$T$81, DW_AT_decl_line(0x60)
     722                    .dwattr $C$DW$T$81, DW_AT_decl_column(0x13)
     723            
     724            $C$DW$T$82      .dwtag  DW_TAG_typedef
     725                    .dwattr $C$DW$T$82, DW_AT_name("__ssize_t")
     726                    .dwattr $C$DW$T$82, DW_AT_type(*$C$DW$T$72)
     727                    .dwattr $C$DW$T$82, DW_AT_language(DW_LANG_C)
     728                    .dwattr $C$DW$T$82, DW_AT_decl_file("C:/ti/ccs1010/ccs/tools/compiler/ti-cgt-msp430_20.2.1.LTS
     729                    .dwattr $C$DW$T$82, DW_AT_decl_line(0x62)
     730                    .dwattr $C$DW$T$82, DW_AT_decl_column(0x13)
     731            
     732            $C$DW$T$83      .dwtag  DW_TAG_typedef
     733                    .dwattr $C$DW$T$83, DW_AT_name("__key_t")
MSP430 Assembler PC v20.2.1 Fri Aug 28 13:49:55 2020

Copyright (c) 2003-2018 Texas Instruments Incorporated
main.asm                                                             PAGE   15

     734                    .dwattr $C$DW$T$83, DW_AT_type(*$C$DW$T$12)
     735                    .dwattr $C$DW$T$83, DW_AT_language(DW_LANG_C)
     736                    .dwattr $C$DW$T$83, DW_AT_decl_file("C:/ti/ccs1010/ccs/tools/compiler/ti-cgt-msp430_20.2.1.LTS
     737                    .dwattr $C$DW$T$83, DW_AT_decl_line(0x38)
     738                    .dwattr $C$DW$T$83, DW_AT_decl_column(0x0f)
     739            
     740            $C$DW$T$84      .dwtag  DW_TAG_typedef
     741                    .dwattr $C$DW$T$84, DW_AT_name("__suseconds_t")
     742                    .dwattr $C$DW$T$84, DW_AT_type(*$C$DW$T$12)
     743                    .dwattr $C$DW$T$84, DW_AT_language(DW_LANG_C)
     744                    .dwattr $C$DW$T$84, DW_AT_decl_file("C:/ti/ccs1010/ccs/tools/compiler/ti-cgt-msp430_20.2.1.LTS
     745                    .dwattr $C$DW$T$84, DW_AT_decl_line(0x4a)
     746                    .dwattr $C$DW$T$84, DW_AT_decl_column(0x0f)
     747            
     748            $C$DW$T$85      .dwtag  DW_TAG_typedef
     749                    .dwattr $C$DW$T$85, DW_AT_name("_off_t")
     750                    .dwattr $C$DW$T$85, DW_AT_type(*$C$DW$T$12)
     751                    .dwattr $C$DW$T$85, DW_AT_language(DW_LANG_C)
     752                    .dwattr $C$DW$T$85, DW_AT_decl_file("C:/ti/ccs1010/ccs/tools/compiler/ti-cgt-msp430_20.2.1.LTS
     753                    .dwattr $C$DW$T$85, DW_AT_decl_line(0x8d)
     754                    .dwattr $C$DW$T$85, DW_AT_decl_column(0x12)
     755            
     756            $C$DW$T$86      .dwtag  DW_TAG_typedef
     757                    .dwattr $C$DW$T$86, DW_AT_name("__off_t")
     758                    .dwattr $C$DW$T$86, DW_AT_type(*$C$DW$T$85)
     759                    .dwattr $C$DW$T$86, DW_AT_language(DW_LANG_C)
     760                    .dwattr $C$DW$T$86, DW_AT_decl_file("C:/ti/ccs1010/ccs/tools/compiler/ti-cgt-msp430_20.2.1.LTS
     761                    .dwattr $C$DW$T$86, DW_AT_decl_line(0x3e)
     762                    .dwattr $C$DW$T$86, DW_AT_decl_column(0x18)
     763            
     764            $C$DW$T$87      .dwtag  DW_TAG_typedef
     765                    .dwattr $C$DW$T$87, DW_AT_name("fpos_t")
     766                    .dwattr $C$DW$T$87, DW_AT_type(*$C$DW$T$12)
     767                    .dwattr $C$DW$T$87, DW_AT_language(DW_LANG_C)
     768                    .dwattr $C$DW$T$87, DW_AT_decl_file("C:/ti/ccs1010/ccs/tools/compiler/ti-cgt-msp430_20.2.1.LTS
     769                    .dwattr $C$DW$T$87, DW_AT_decl_line(0x6b)
     770                    .dwattr $C$DW$T$87, DW_AT_decl_column(0x0e)
     771            
     772            $C$DW$T$13      .dwtag  DW_TAG_base_type
     773                    .dwattr $C$DW$T$13, DW_AT_encoding(DW_ATE_unsigned)
     774                    .dwattr $C$DW$T$13, DW_AT_name("unsigned long")
     775                    .dwattr $C$DW$T$13, DW_AT_byte_size(0x04)
     776            
     777            $C$DW$T$88      .dwtag  DW_TAG_typedef
     778                    .dwattr $C$DW$T$88, DW_AT_name("__uint32_t")
     779                    .dwattr $C$DW$T$88, DW_AT_type(*$C$DW$T$13)
     780                    .dwattr $C$DW$T$88, DW_AT_language(DW_LANG_C)
     781                    .dwattr $C$DW$T$88, DW_AT_decl_file("C:/ti/ccs1010/ccs/tools/compiler/ti-cgt-msp430_20.2.1.LTS
     782                    .dwattr $C$DW$T$88, DW_AT_decl_line(0x3b)
     783                    .dwattr $C$DW$T$88, DW_AT_decl_column(0x18)
     784            
     785            $C$DW$T$89      .dwtag  DW_TAG_typedef
     786                    .dwattr $C$DW$T$89, DW_AT_name("__clock_t")
     787                    .dwattr $C$DW$T$89, DW_AT_type(*$C$DW$T$88)
     788                    .dwattr $C$DW$T$89, DW_AT_language(DW_LANG_C)
MSP430 Assembler PC v20.2.1 Fri Aug 28 13:49:55 2020

Copyright (c) 2003-2018 Texas Instruments Incorporated
main.asm                                                             PAGE   16

     789                    .dwattr $C$DW$T$89, DW_AT_decl_file("C:/ti/ccs1010/ccs/tools/compiler/ti-cgt-msp430_20.2.1.LTS
     790                    .dwattr $C$DW$T$89, DW_AT_decl_line(0x4a)
     791                    .dwattr $C$DW$T$89, DW_AT_decl_column(0x14)
     792            
     793            $C$DW$T$90      .dwtag  DW_TAG_typedef
     794                    .dwattr $C$DW$T$90, DW_AT_name("__fflags_t")
     795                    .dwattr $C$DW$T$90, DW_AT_type(*$C$DW$T$88)
     796                    .dwattr $C$DW$T$90, DW_AT_language(DW_LANG_C)
     797                    .dwattr $C$DW$T$90, DW_AT_decl_file("C:/ti/ccs1010/ccs/tools/compiler/ti-cgt-msp430_20.2.1.LTS
     798                    .dwattr $C$DW$T$90, DW_AT_decl_line(0x32)
     799                    .dwattr $C$DW$T$90, DW_AT_decl_column(0x14)
     800            
     801            $C$DW$T$91      .dwtag  DW_TAG_typedef
     802                    .dwattr $C$DW$T$91, DW_AT_name("__fixpt_t")
     803                    .dwattr $C$DW$T$91, DW_AT_type(*$C$DW$T$88)
     804                    .dwattr $C$DW$T$91, DW_AT_language(DW_LANG_C)
     805                    .dwattr $C$DW$T$91, DW_AT_decl_file("C:/ti/ccs1010/ccs/tools/compiler/ti-cgt-msp430_20.2.1.LTS
     806                    .dwattr $C$DW$T$91, DW_AT_decl_line(0x81)
     807                    .dwattr $C$DW$T$91, DW_AT_decl_column(0x14)
     808            
     809            $C$DW$T$92      .dwtag  DW_TAG_typedef
     810                    .dwattr $C$DW$T$92, DW_AT_name("__gid_t")
     811                    .dwattr $C$DW$T$92, DW_AT_type(*$C$DW$T$88)
     812                    .dwattr $C$DW$T$92, DW_AT_language(DW_LANG_C)
     813                    .dwattr $C$DW$T$92, DW_AT_decl_file("C:/ti/ccs1010/ccs/tools/compiler/ti-cgt-msp430_20.2.1.LTS
     814                    .dwattr $C$DW$T$92, DW_AT_decl_line(0x35)
     815                    .dwattr $C$DW$T$92, DW_AT_decl_column(0x14)
     816            
     817            $C$DW$T$93      .dwtag  DW_TAG_typedef
     818                    .dwattr $C$DW$T$93, DW_AT_name("__socklen_t")
     819                    .dwattr $C$DW$T$93, DW_AT_type(*$C$DW$T$88)
     820                    .dwattr $C$DW$T$93, DW_AT_language(DW_LANG_C)
     821                    .dwattr $C$DW$T$93, DW_AT_decl_file("C:/ti/ccs1010/ccs/tools/compiler/ti-cgt-msp430_20.2.1.LTS
     822                    .dwattr $C$DW$T$93, DW_AT_decl_line(0x49)
     823                    .dwattr $C$DW$T$93, DW_AT_decl_column(0x14)
     824            
     825            $C$DW$T$94      .dwtag  DW_TAG_typedef
     826                    .dwattr $C$DW$T$94, DW_AT_name("__time_t")
     827                    .dwattr $C$DW$T$94, DW_AT_type(*$C$DW$T$88)
     828                    .dwattr $C$DW$T$94, DW_AT_language(DW_LANG_C)
     829                    .dwattr $C$DW$T$94, DW_AT_decl_file("C:/ti/ccs1010/ccs/tools/compiler/ti-cgt-msp430_20.2.1.LTS
     830                    .dwattr $C$DW$T$94, DW_AT_decl_line(0x66)
     831                    .dwattr $C$DW$T$94, DW_AT_decl_column(0x19)
     832            
     833            $C$DW$T$95      .dwtag  DW_TAG_typedef
     834                    .dwattr $C$DW$T$95, DW_AT_name("__uid_t")
     835                    .dwattr $C$DW$T$95, DW_AT_type(*$C$DW$T$88)
     836                    .dwattr $C$DW$T$95, DW_AT_language(DW_LANG_C)
     837                    .dwattr $C$DW$T$95, DW_AT_decl_file("C:/ti/ccs1010/ccs/tools/compiler/ti-cgt-msp430_20.2.1.LTS
     838                    .dwattr $C$DW$T$95, DW_AT_decl_line(0x4d)
     839                    .dwattr $C$DW$T$95, DW_AT_decl_column(0x14)
     840            
     841            $C$DW$T$96      .dwtag  DW_TAG_typedef
     842                    .dwattr $C$DW$T$96, DW_AT_name("__uint_fast32_t")
     843                    .dwattr $C$DW$T$96, DW_AT_type(*$C$DW$T$88)
MSP430 Assembler PC v20.2.1 Fri Aug 28 13:49:55 2020

Copyright (c) 2003-2018 Texas Instruments Incorporated
main.asm                                                             PAGE   17

     844                    .dwattr $C$DW$T$96, DW_AT_language(DW_LANG_C)
     845                    .dwattr $C$DW$T$96, DW_AT_decl_file("C:/ti/ccs1010/ccs/tools/compiler/ti-cgt-msp430_20.2.1.LTS
     846                    .dwattr $C$DW$T$96, DW_AT_decl_line(0x72)
     847                    .dwattr $C$DW$T$96, DW_AT_decl_column(0x14)
     848            
     849            $C$DW$T$97      .dwtag  DW_TAG_typedef
     850                    .dwattr $C$DW$T$97, DW_AT_name("__uint_least32_t")
     851                    .dwattr $C$DW$T$97, DW_AT_type(*$C$DW$T$88)
     852                    .dwattr $C$DW$T$97, DW_AT_language(DW_LANG_C)
     853                    .dwattr $C$DW$T$97, DW_AT_decl_file("C:/ti/ccs1010/ccs/tools/compiler/ti-cgt-msp430_20.2.1.LTS
     854                    .dwattr $C$DW$T$97, DW_AT_decl_line(0x76)
     855                    .dwattr $C$DW$T$97, DW_AT_decl_column(0x14)
     856            
     857            $C$DW$T$98      .dwtag  DW_TAG_typedef
     858                    .dwattr $C$DW$T$98, DW_AT_name("__char32_t")
     859                    .dwattr $C$DW$T$98, DW_AT_type(*$C$DW$T$97)
     860                    .dwattr $C$DW$T$98, DW_AT_language(DW_LANG_C)
     861                    .dwattr $C$DW$T$98, DW_AT_decl_file("C:/ti/ccs1010/ccs/tools/compiler/ti-cgt-msp430_20.2.1.LTS
     862                    .dwattr $C$DW$T$98, DW_AT_decl_line(0x72)
     863                    .dwattr $C$DW$T$98, DW_AT_decl_column(0x1a)
     864            
     865            $C$DW$T$99      .dwtag  DW_TAG_typedef
     866                    .dwattr $C$DW$T$99, DW_AT_name("__uintfptr_t")
     867                    .dwattr $C$DW$T$99, DW_AT_type(*$C$DW$T$88)
     868                    .dwattr $C$DW$T$99, DW_AT_language(DW_LANG_C)
     869                    .dwattr $C$DW$T$99, DW_AT_decl_file("C:/ti/ccs1010/ccs/tools/compiler/ti-cgt-msp430_20.2.1.LTS
     870                    .dwattr $C$DW$T$99, DW_AT_decl_line(0x68)
     871                    .dwattr $C$DW$T$99, DW_AT_decl_column(0x14)
     872            
     873            $C$DW$T$100     .dwtag  DW_TAG_typedef
     874                    .dwattr $C$DW$T$100, DW_AT_name("__vm_offset_t")
     875                    .dwattr $C$DW$T$100, DW_AT_type(*$C$DW$T$88)
     876                    .dwattr $C$DW$T$100, DW_AT_language(DW_LANG_C)
     877                    .dwattr $C$DW$T$100, DW_AT_decl_file("C:/ti/ccs1010/ccs/tools/compiler/ti-cgt-msp430_20.2.1.LT
     878                    .dwattr $C$DW$T$100, DW_AT_decl_line(0x79)
     879                    .dwattr $C$DW$T$100, DW_AT_decl_column(0x14)
     880            
     881            $C$DW$T$101     .dwtag  DW_TAG_typedef
     882                    .dwattr $C$DW$T$101, DW_AT_name("__vm_paddr_t")
     883                    .dwattr $C$DW$T$101, DW_AT_type(*$C$DW$T$88)
     884                    .dwattr $C$DW$T$101, DW_AT_language(DW_LANG_C)
     885                    .dwattr $C$DW$T$101, DW_AT_decl_file("C:/ti/ccs1010/ccs/tools/compiler/ti-cgt-msp430_20.2.1.LT
     886                    .dwattr $C$DW$T$101, DW_AT_decl_line(0x7a)
     887                    .dwattr $C$DW$T$101, DW_AT_decl_column(0x14)
     888            
     889            $C$DW$T$102     .dwtag  DW_TAG_typedef
     890                    .dwattr $C$DW$T$102, DW_AT_name("__vm_size_t")
     891                    .dwattr $C$DW$T$102, DW_AT_type(*$C$DW$T$88)
     892                    .dwattr $C$DW$T$102, DW_AT_language(DW_LANG_C)
     893                    .dwattr $C$DW$T$102, DW_AT_decl_file("C:/ti/ccs1010/ccs/tools/compiler/ti-cgt-msp430_20.2.1.LT
     894                    .dwattr $C$DW$T$102, DW_AT_decl_line(0x7b)
     895                    .dwattr $C$DW$T$102, DW_AT_decl_column(0x14)
     896            
     897            $C$DW$T$14      .dwtag  DW_TAG_base_type
     898                    .dwattr $C$DW$T$14, DW_AT_encoding(DW_ATE_signed)
MSP430 Assembler PC v20.2.1 Fri Aug 28 13:49:55 2020

Copyright (c) 2003-2018 Texas Instruments Incorporated
main.asm                                                             PAGE   18

     899                    .dwattr $C$DW$T$14, DW_AT_name("long long")
     900                    .dwattr $C$DW$T$14, DW_AT_byte_size(0x08)
     901            
     902            $C$DW$T$103     .dwtag  DW_TAG_typedef
     903                    .dwattr $C$DW$T$103, DW_AT_name("__int64_t")
     904                    .dwattr $C$DW$T$103, DW_AT_type(*$C$DW$T$14)
     905                    .dwattr $C$DW$T$103, DW_AT_language(DW_LANG_C)
     906                    .dwattr $C$DW$T$103, DW_AT_decl_file("C:/ti/ccs1010/ccs/tools/compiler/ti-cgt-msp430_20.2.1.LT
     907                    .dwattr $C$DW$T$103, DW_AT_decl_line(0x40)
     908                    .dwattr $C$DW$T$103, DW_AT_decl_column(0x14)
     909            
     910            $C$DW$T$104     .dwtag  DW_TAG_typedef
     911                    .dwattr $C$DW$T$104, DW_AT_name("__blkcnt_t")
     912                    .dwattr $C$DW$T$104, DW_AT_type(*$C$DW$T$103)
     913                    .dwattr $C$DW$T$104, DW_AT_language(DW_LANG_C)
     914                    .dwattr $C$DW$T$104, DW_AT_decl_file("C:/ti/ccs1010/ccs/tools/compiler/ti-cgt-msp430_20.2.1.LT
     915                    .dwattr $C$DW$T$104, DW_AT_decl_line(0x30)
     916                    .dwattr $C$DW$T$104, DW_AT_decl_column(0x13)
     917            
     918            $C$DW$T$105     .dwtag  DW_TAG_typedef
     919                    .dwattr $C$DW$T$105, DW_AT_name("__id_t")
     920                    .dwattr $C$DW$T$105, DW_AT_type(*$C$DW$T$103)
     921                    .dwattr $C$DW$T$105, DW_AT_language(DW_LANG_C)
     922                    .dwattr $C$DW$T$105, DW_AT_decl_file("C:/ti/ccs1010/ccs/tools/compiler/ti-cgt-msp430_20.2.1.LT
     923                    .dwattr $C$DW$T$105, DW_AT_decl_line(0x36)
     924                    .dwattr $C$DW$T$105, DW_AT_decl_column(0x13)
     925            
     926            $C$DW$T$106     .dwtag  DW_TAG_typedef
     927                    .dwattr $C$DW$T$106, DW_AT_name("__int_fast64_t")
     928                    .dwattr $C$DW$T$106, DW_AT_type(*$C$DW$T$103)
     929                    .dwattr $C$DW$T$106, DW_AT_language(DW_LANG_C)
     930                    .dwattr $C$DW$T$106, DW_AT_decl_file("C:/ti/ccs1010/ccs/tools/compiler/ti-cgt-msp430_20.2.1.LT
     931                    .dwattr $C$DW$T$106, DW_AT_decl_line(0x59)
     932                    .dwattr $C$DW$T$106, DW_AT_decl_column(0x13)
     933            
     934            $C$DW$T$107     .dwtag  DW_TAG_typedef
     935                    .dwattr $C$DW$T$107, DW_AT_name("__int_least64_t")
     936                    .dwattr $C$DW$T$107, DW_AT_type(*$C$DW$T$103)
     937                    .dwattr $C$DW$T$107, DW_AT_language(DW_LANG_C)
     938                    .dwattr $C$DW$T$107, DW_AT_decl_file("C:/ti/ccs1010/ccs/tools/compiler/ti-cgt-msp430_20.2.1.LT
     939                    .dwattr $C$DW$T$107, DW_AT_decl_line(0x5d)
     940                    .dwattr $C$DW$T$107, DW_AT_decl_column(0x13)
     941            
     942            $C$DW$T$108     .dwtag  DW_TAG_typedef
     943                    .dwattr $C$DW$T$108, DW_AT_name("__intmax_t")
     944                    .dwattr $C$DW$T$108, DW_AT_type(*$C$DW$T$103)
     945                    .dwattr $C$DW$T$108, DW_AT_language(DW_LANG_C)
     946                    .dwattr $C$DW$T$108, DW_AT_decl_file("C:/ti/ccs1010/ccs/tools/compiler/ti-cgt-msp430_20.2.1.LT
     947                    .dwattr $C$DW$T$108, DW_AT_decl_line(0x4f)
     948                    .dwattr $C$DW$T$108, DW_AT_decl_column(0x13)
     949            
     950            $C$DW$T$109     .dwtag  DW_TAG_typedef
     951                    .dwattr $C$DW$T$109, DW_AT_name("__off64_t")
     952                    .dwattr $C$DW$T$109, DW_AT_type(*$C$DW$T$103)
     953                    .dwattr $C$DW$T$109, DW_AT_language(DW_LANG_C)
MSP430 Assembler PC v20.2.1 Fri Aug 28 13:49:55 2020

Copyright (c) 2003-2018 Texas Instruments Incorporated
main.asm                                                             PAGE   19

     954                    .dwattr $C$DW$T$109, DW_AT_decl_file("C:/ti/ccs1010/ccs/tools/compiler/ti-cgt-msp430_20.2.1.LT
     955                    .dwattr $C$DW$T$109, DW_AT_decl_line(0x3f)
     956                    .dwattr $C$DW$T$109, DW_AT_decl_column(0x13)
     957            
     958            $C$DW$T$110     .dwtag  DW_TAG_typedef
     959                    .dwattr $C$DW$T$110, DW_AT_name("__rlim_t")
     960                    .dwattr $C$DW$T$110, DW_AT_type(*$C$DW$T$103)
     961                    .dwattr $C$DW$T$110, DW_AT_language(DW_LANG_C)
     962                    .dwattr $C$DW$T$110, DW_AT_decl_file("C:/ti/ccs1010/ccs/tools/compiler/ti-cgt-msp430_20.2.1.LT
     963                    .dwattr $C$DW$T$110, DW_AT_decl_line(0x41)
     964                    .dwattr $C$DW$T$110, DW_AT_decl_column(0x13)
     965            
     966            $C$DW$T$15      .dwtag  DW_TAG_base_type
     967                    .dwattr $C$DW$T$15, DW_AT_encoding(DW_ATE_unsigned)
     968                    .dwattr $C$DW$T$15, DW_AT_name("unsigned long long")
     969                    .dwattr $C$DW$T$15, DW_AT_byte_size(0x08)
     970            
     971            $C$DW$T$111     .dwtag  DW_TAG_typedef
     972                    .dwattr $C$DW$T$111, DW_AT_name("__uint64_t")
     973                    .dwattr $C$DW$T$111, DW_AT_type(*$C$DW$T$15)
     974                    .dwattr $C$DW$T$111, DW_AT_language(DW_LANG_C)
     975                    .dwattr $C$DW$T$111, DW_AT_decl_file("C:/ti/ccs1010/ccs/tools/compiler/ti-cgt-msp430_20.2.1.LT
     976                    .dwattr $C$DW$T$111, DW_AT_decl_line(0x45)
     977                    .dwattr $C$DW$T$111, DW_AT_decl_column(0x1c)
     978            
     979            $C$DW$T$112     .dwtag  DW_TAG_typedef
     980                    .dwattr $C$DW$T$112, DW_AT_name("__dev_t")
     981                    .dwattr $C$DW$T$112, DW_AT_type(*$C$DW$T$111)
     982                    .dwattr $C$DW$T$112, DW_AT_language(DW_LANG_C)
     983                    .dwattr $C$DW$T$112, DW_AT_decl_file("C:/ti/ccs1010/ccs/tools/compiler/ti-cgt-msp430_20.2.1.LT
     984                    .dwattr $C$DW$T$112, DW_AT_decl_line(0x7f)
     985                    .dwattr $C$DW$T$112, DW_AT_decl_column(0x14)
     986            
     987            $C$DW$T$113     .dwtag  DW_TAG_typedef
     988                    .dwattr $C$DW$T$113, DW_AT_name("__fsblkcnt_t")
     989                    .dwattr $C$DW$T$113, DW_AT_type(*$C$DW$T$111)
     990                    .dwattr $C$DW$T$113, DW_AT_language(DW_LANG_C)
     991                    .dwattr $C$DW$T$113, DW_AT_decl_file("C:/ti/ccs1010/ccs/tools/compiler/ti-cgt-msp430_20.2.1.LT
     992                    .dwattr $C$DW$T$113, DW_AT_decl_line(0x33)
     993                    .dwattr $C$DW$T$113, DW_AT_decl_column(0x14)
     994            
     995            $C$DW$T$114     .dwtag  DW_TAG_typedef
     996                    .dwattr $C$DW$T$114, DW_AT_name("__fsfilcnt_t")
     997                    .dwattr $C$DW$T$114, DW_AT_type(*$C$DW$T$111)
     998                    .dwattr $C$DW$T$114, DW_AT_language(DW_LANG_C)
     999                    .dwattr $C$DW$T$114, DW_AT_decl_file("C:/ti/ccs1010/ccs/tools/compiler/ti-cgt-msp430_20.2.1.LT
    1000                    .dwattr $C$DW$T$114, DW_AT_decl_line(0x34)
    1001                    .dwattr $C$DW$T$114, DW_AT_decl_column(0x14)
    1002            
    1003            $C$DW$T$115     .dwtag  DW_TAG_typedef
    1004                    .dwattr $C$DW$T$115, DW_AT_name("__ino_t")
    1005                    .dwattr $C$DW$T$115, DW_AT_type(*$C$DW$T$111)
    1006                    .dwattr $C$DW$T$115, DW_AT_language(DW_LANG_C)
    1007                    .dwattr $C$DW$T$115, DW_AT_decl_file("C:/ti/ccs1010/ccs/tools/compiler/ti-cgt-msp430_20.2.1.LT
    1008                    .dwattr $C$DW$T$115, DW_AT_decl_line(0x37)
MSP430 Assembler PC v20.2.1 Fri Aug 28 13:49:55 2020

Copyright (c) 2003-2018 Texas Instruments Incorporated
main.asm                                                             PAGE   20

    1009                    .dwattr $C$DW$T$115, DW_AT_decl_column(0x14)
    1010            
    1011            $C$DW$T$116     .dwtag  DW_TAG_typedef
    1012                    .dwattr $C$DW$T$116, DW_AT_name("__nlink_t")
    1013                    .dwattr $C$DW$T$116, DW_AT_type(*$C$DW$T$111)
    1014                    .dwattr $C$DW$T$116, DW_AT_language(DW_LANG_C)
    1015                    .dwattr $C$DW$T$116, DW_AT_decl_file("C:/ti/ccs1010/ccs/tools/compiler/ti-cgt-msp430_20.2.1.LT
    1016                    .dwattr $C$DW$T$116, DW_AT_decl_line(0x3d)
    1017                    .dwattr $C$DW$T$116, DW_AT_decl_column(0x14)
    1018            
    1019            $C$DW$T$117     .dwtag  DW_TAG_typedef
    1020                    .dwattr $C$DW$T$117, DW_AT_name("__uint_fast64_t")
    1021                    .dwattr $C$DW$T$117, DW_AT_type(*$C$DW$T$111)
    1022                    .dwattr $C$DW$T$117, DW_AT_language(DW_LANG_C)
    1023                    .dwattr $C$DW$T$117, DW_AT_decl_file("C:/ti/ccs1010/ccs/tools/compiler/ti-cgt-msp430_20.2.1.LT
    1024                    .dwattr $C$DW$T$117, DW_AT_decl_line(0x73)
    1025                    .dwattr $C$DW$T$117, DW_AT_decl_column(0x14)
    1026            
    1027            $C$DW$T$118     .dwtag  DW_TAG_typedef
    1028                    .dwattr $C$DW$T$118, DW_AT_name("__uint_least64_t")
    1029                    .dwattr $C$DW$T$118, DW_AT_type(*$C$DW$T$111)
    1030                    .dwattr $C$DW$T$118, DW_AT_language(DW_LANG_C)
    1031                    .dwattr $C$DW$T$118, DW_AT_decl_file("C:/ti/ccs1010/ccs/tools/compiler/ti-cgt-msp430_20.2.1.LT
    1032                    .dwattr $C$DW$T$118, DW_AT_decl_line(0x77)
    1033                    .dwattr $C$DW$T$118, DW_AT_decl_column(0x14)
    1034            
    1035            $C$DW$T$119     .dwtag  DW_TAG_typedef
    1036                    .dwattr $C$DW$T$119, DW_AT_name("__uintmax_t")
    1037                    .dwattr $C$DW$T$119, DW_AT_type(*$C$DW$T$111)
    1038                    .dwattr $C$DW$T$119, DW_AT_language(DW_LANG_C)
    1039                    .dwattr $C$DW$T$119, DW_AT_decl_file("C:/ti/ccs1010/ccs/tools/compiler/ti-cgt-msp430_20.2.1.LT
    1040                    .dwattr $C$DW$T$119, DW_AT_decl_line(0x69)
    1041                    .dwattr $C$DW$T$119, DW_AT_decl_column(0x14)
    1042            
    1043            $C$DW$T$120     .dwtag  DW_TAG_typedef
    1044                    .dwattr $C$DW$T$120, DW_AT_name("__rman_res_t")
    1045                    .dwattr $C$DW$T$120, DW_AT_type(*$C$DW$T$119)
    1046                    .dwattr $C$DW$T$120, DW_AT_language(DW_LANG_C)
    1047                    .dwattr $C$DW$T$120, DW_AT_decl_file("C:/ti/ccs1010/ccs/tools/compiler/ti-cgt-msp430_20.2.1.LT
    1048                    .dwattr $C$DW$T$120, DW_AT_decl_line(0x9a)
    1049                    .dwattr $C$DW$T$120, DW_AT_decl_column(0x19)
    1050            
    1051            $C$DW$T$16      .dwtag  DW_TAG_base_type
    1052                    .dwattr $C$DW$T$16, DW_AT_encoding(DW_ATE_float)
    1053                    .dwattr $C$DW$T$16, DW_AT_name("float")
    1054                    .dwattr $C$DW$T$16, DW_AT_byte_size(0x04)
    1055            
    1056            $C$DW$T$121     .dwtag  DW_TAG_typedef
    1057                    .dwattr $C$DW$T$121, DW_AT_name("__float_t")
    1058                    .dwattr $C$DW$T$121, DW_AT_type(*$C$DW$T$16)
    1059                    .dwattr $C$DW$T$121, DW_AT_language(DW_LANG_C)
    1060                    .dwattr $C$DW$T$121, DW_AT_decl_file("C:/ti/ccs1010/ccs/tools/compiler/ti-cgt-msp430_20.2.1.LT
    1061                    .dwattr $C$DW$T$121, DW_AT_decl_line(0x4d)
    1062                    .dwattr $C$DW$T$121, DW_AT_decl_column(0x10)
    1063            
MSP430 Assembler PC v20.2.1 Fri Aug 28 13:49:55 2020

Copyright (c) 2003-2018 Texas Instruments Incorporated
main.asm                                                             PAGE   21

    1064            $C$DW$T$17      .dwtag  DW_TAG_base_type
    1065                    .dwattr $C$DW$T$17, DW_AT_encoding(DW_ATE_float)
    1066                    .dwattr $C$DW$T$17, DW_AT_name("double")
    1067                    .dwattr $C$DW$T$17, DW_AT_byte_size(0x08)
    1068            
    1069            $C$DW$T$122     .dwtag  DW_TAG_typedef
    1070                    .dwattr $C$DW$T$122, DW_AT_name("__double_t")
    1071                    .dwattr $C$DW$T$122, DW_AT_type(*$C$DW$T$17)
    1072                    .dwattr $C$DW$T$122, DW_AT_language(DW_LANG_C)
    1073                    .dwattr $C$DW$T$122, DW_AT_decl_file("C:/ti/ccs1010/ccs/tools/compiler/ti-cgt-msp430_20.2.1.LT
    1074                    .dwattr $C$DW$T$122, DW_AT_decl_line(0x4c)
    1075                    .dwattr $C$DW$T$122, DW_AT_decl_column(0x11)
    1076            
    1077            $C$DW$T$18      .dwtag  DW_TAG_base_type
    1078                    .dwattr $C$DW$T$18, DW_AT_encoding(DW_ATE_float)
    1079                    .dwattr $C$DW$T$18, DW_AT_name("long double")
    1080                    .dwattr $C$DW$T$18, DW_AT_byte_size(0x08)
    1081            
    1082            $C$DW$T$38      .dwtag  DW_TAG_const_type
    1083                    .dwattr $C$DW$T$38, DW_AT_type(*$C$DW$T$6)
    1084            
    1085            $C$DW$T$39      .dwtag  DW_TAG_pointer_type
    1086                    .dwattr $C$DW$T$39, DW_AT_type(*$C$DW$T$38)
    1087                    .dwattr $C$DW$T$39, DW_AT_address_class(0x10)
    1088            
    1089            $C$DW$T$40      .dwtag  DW_TAG_restrict_type
    1090                    .dwattr $C$DW$T$40, DW_AT_type(*$C$DW$T$39)
    1091            
    1092            $C$DW$T$123     .dwtag  DW_TAG_pointer_type
    1093                    .dwattr $C$DW$T$123, DW_AT_type(*$C$DW$T$6)
    1094                    .dwattr $C$DW$T$123, DW_AT_address_class(0x10)
    1095            
    1096            $C$DW$T$124     .dwtag  DW_TAG_typedef
    1097                    .dwattr $C$DW$T$124, DW_AT_name("__va_list")
    1098                    .dwattr $C$DW$T$124, DW_AT_type(*$C$DW$T$123)
    1099                    .dwattr $C$DW$T$124, DW_AT_language(DW_LANG_C)
    1100                    .dwattr $C$DW$T$124, DW_AT_decl_file("C:/ti/ccs1010/ccs/tools/compiler/ti-cgt-msp430_20.2.1.LT
    1101                    .dwattr $C$DW$T$124, DW_AT_decl_line(0x92)
    1102                    .dwattr $C$DW$T$124, DW_AT_decl_column(0x0f)
    1103            
    1104            $C$DW$T$125     .dwtag  DW_TAG_typedef
    1105                    .dwattr $C$DW$T$125, DW_AT_name("va_list")
    1106                    .dwattr $C$DW$T$125, DW_AT_type(*$C$DW$T$124)
    1107                    .dwattr $C$DW$T$125, DW_AT_language(DW_LANG_C)
    1108                    .dwattr $C$DW$T$125, DW_AT_decl_file("C:/ti/ccs1010/ccs/tools/compiler/ti-cgt-msp430_20.2.1.LT
    1109                    .dwattr $C$DW$T$125, DW_AT_decl_line(0x33)
    1110                    .dwattr $C$DW$T$125, DW_AT_decl_column(0x13)
    1111            
    1112            
    1113            $C$DW$T$19      .dwtag  DW_TAG_structure_type
    1114                    .dwattr $C$DW$T$19, DW_AT_name("__mq")
    1115                    .dwattr $C$DW$T$19, DW_AT_declaration
    1116                    .dwattr $C$DW$T$19, DW_AT_decl_file("C:/ti/ccs1010/ccs/tools/compiler/ti-cgt-msp430_20.2.1.LTS
    1117                    .dwattr $C$DW$T$19, DW_AT_decl_line(0x4c)
    1118                    .dwattr $C$DW$T$19, DW_AT_decl_column(0x10)
MSP430 Assembler PC v20.2.1 Fri Aug 28 13:49:55 2020

Copyright (c) 2003-2018 Texas Instruments Incorporated
main.asm                                                             PAGE   22

    1119                    .dwendtag $C$DW$T$19
    1120            
    1121            $C$DW$T$126     .dwtag  DW_TAG_pointer_type
    1122                    .dwattr $C$DW$T$126, DW_AT_type(*$C$DW$T$19)
    1123                    .dwattr $C$DW$T$126, DW_AT_address_class(0x10)
    1124            
    1125            $C$DW$T$127     .dwtag  DW_TAG_typedef
    1126                    .dwattr $C$DW$T$127, DW_AT_name("__mqd_t")
    1127                    .dwattr $C$DW$T$127, DW_AT_type(*$C$DW$T$126)
    1128                    .dwattr $C$DW$T$127, DW_AT_language(DW_LANG_C)
    1129                    .dwattr $C$DW$T$127, DW_AT_decl_file("C:/ti/ccs1010/ccs/tools/compiler/ti-cgt-msp430_20.2.1.LT
    1130                    .dwattr $C$DW$T$127, DW_AT_decl_line(0x4c)
    1131                    .dwattr $C$DW$T$127, DW_AT_decl_column(0x16)
    1132            
    1133            
    1134            $C$DW$T$23      .dwtag  DW_TAG_structure_type
    1135                    .dwattr $C$DW$T$23, DW_AT_name("__sFILE")
    1136                    .dwattr $C$DW$T$23, DW_AT_byte_size(0x0c)
    1137            $C$DW$19        .dwtag  DW_TAG_member
    1138                    .dwattr $C$DW$19, DW_AT_type(*$C$DW$T$10)
    1139                    .dwattr $C$DW$19, DW_AT_name("fd")
    1140                    .dwattr $C$DW$19, DW_AT_TI_symbol_name("fd")
    1141                    .dwattr $C$DW$19, DW_AT_data_member_location[DW_OP_plus_uconst 0x0]
    1142                    .dwattr $C$DW$19, DW_AT_accessibility(DW_ACCESS_public)
    1143                    .dwattr $C$DW$19, DW_AT_decl_file("C:/ti/ccs1010/ccs/tools/compiler/ti-cgt-msp430_20.2.1.LTS/i
    1144                    .dwattr $C$DW$19, DW_AT_decl_line(0x52)
    1145                    .dwattr $C$DW$19, DW_AT_decl_column(0x0b)
    1146            
    1147            $C$DW$20        .dwtag  DW_TAG_member
    1148                    .dwattr $C$DW$20, DW_AT_type(*$C$DW$T$22)
    1149                    .dwattr $C$DW$20, DW_AT_name("buf")
    1150                    .dwattr $C$DW$20, DW_AT_TI_symbol_name("buf")
    1151                    .dwattr $C$DW$20, DW_AT_data_member_location[DW_OP_plus_uconst 0x2]
    1152                    .dwattr $C$DW$20, DW_AT_accessibility(DW_ACCESS_public)
    1153                    .dwattr $C$DW$20, DW_AT_decl_file("C:/ti/ccs1010/ccs/tools/compiler/ti-cgt-msp430_20.2.1.LTS/i
    1154                    .dwattr $C$DW$20, DW_AT_decl_line(0x53)
    1155                    .dwattr $C$DW$20, DW_AT_decl_column(0x16)
    1156            
    1157            $C$DW$21        .dwtag  DW_TAG_member
    1158                    .dwattr $C$DW$21, DW_AT_type(*$C$DW$T$22)
    1159                    .dwattr $C$DW$21, DW_AT_name("pos")
    1160                    .dwattr $C$DW$21, DW_AT_TI_symbol_name("pos")
    1161                    .dwattr $C$DW$21, DW_AT_data_member_location[DW_OP_plus_uconst 0x4]
    1162                    .dwattr $C$DW$21, DW_AT_accessibility(DW_ACCESS_public)
    1163                    .dwattr $C$DW$21, DW_AT_decl_file("C:/ti/ccs1010/ccs/tools/compiler/ti-cgt-msp430_20.2.1.LTS/i
    1164                    .dwattr $C$DW$21, DW_AT_decl_line(0x54)
    1165                    .dwattr $C$DW$21, DW_AT_decl_column(0x16)
    1166            
    1167            $C$DW$22        .dwtag  DW_TAG_member
    1168                    .dwattr $C$DW$22, DW_AT_type(*$C$DW$T$22)
    1169                    .dwattr $C$DW$22, DW_AT_name("bufend")
    1170                    .dwattr $C$DW$22, DW_AT_TI_symbol_name("bufend")
    1171                    .dwattr $C$DW$22, DW_AT_data_member_location[DW_OP_plus_uconst 0x6]
    1172                    .dwattr $C$DW$22, DW_AT_accessibility(DW_ACCESS_public)
    1173                    .dwattr $C$DW$22, DW_AT_decl_file("C:/ti/ccs1010/ccs/tools/compiler/ti-cgt-msp430_20.2.1.LTS/i
MSP430 Assembler PC v20.2.1 Fri Aug 28 13:49:55 2020

Copyright (c) 2003-2018 Texas Instruments Incorporated
main.asm                                                             PAGE   23

    1174                    .dwattr $C$DW$22, DW_AT_decl_line(0x55)
    1175                    .dwattr $C$DW$22, DW_AT_decl_column(0x16)
    1176            
    1177            $C$DW$23        .dwtag  DW_TAG_member
    1178                    .dwattr $C$DW$23, DW_AT_type(*$C$DW$T$22)
    1179                    .dwattr $C$DW$23, DW_AT_name("buff_stop")
    1180                    .dwattr $C$DW$23, DW_AT_TI_symbol_name("buff_stop")
    1181                    .dwattr $C$DW$23, DW_AT_data_member_location[DW_OP_plus_uconst 0x8]
    1182                    .dwattr $C$DW$23, DW_AT_accessibility(DW_ACCESS_public)
    1183                    .dwattr $C$DW$23, DW_AT_decl_file("C:/ti/ccs1010/ccs/tools/compiler/ti-cgt-msp430_20.2.1.LTS/i
    1184                    .dwattr $C$DW$23, DW_AT_decl_line(0x56)
    1185                    .dwattr $C$DW$23, DW_AT_decl_column(0x16)
    1186            
    1187            $C$DW$24        .dwtag  DW_TAG_member
    1188                    .dwattr $C$DW$24, DW_AT_type(*$C$DW$T$11)
    1189                    .dwattr $C$DW$24, DW_AT_name("flags")
    1190                    .dwattr $C$DW$24, DW_AT_TI_symbol_name("flags")
    1191                    .dwattr $C$DW$24, DW_AT_data_member_location[DW_OP_plus_uconst 0xa]
    1192                    .dwattr $C$DW$24, DW_AT_accessibility(DW_ACCESS_public)
    1193                    .dwattr $C$DW$24, DW_AT_decl_file("C:/ti/ccs1010/ccs/tools/compiler/ti-cgt-msp430_20.2.1.LTS/i
    1194                    .dwattr $C$DW$24, DW_AT_decl_line(0x57)
    1195                    .dwattr $C$DW$24, DW_AT_decl_column(0x16)
    1196            
    1197                    .dwattr $C$DW$T$23, DW_AT_decl_file("C:/ti/ccs1010/ccs/tools/compiler/ti-cgt-msp430_20.2.1.LTS
    1198                    .dwattr $C$DW$T$23, DW_AT_decl_line(0x51)
    1199                    .dwattr $C$DW$T$23, DW_AT_decl_column(0x08)
    1200                    .dwendtag $C$DW$T$23
    1201            
    1202            $C$DW$T$128     .dwtag  DW_TAG_typedef
    1203                    .dwattr $C$DW$T$128, DW_AT_name("FILE")
    1204                    .dwattr $C$DW$T$128, DW_AT_type(*$C$DW$T$23)
    1205                    .dwattr $C$DW$T$128, DW_AT_language(DW_LANG_C)
    1206                    .dwattr $C$DW$T$128, DW_AT_decl_file("C:/ti/ccs1010/ccs/tools/compiler/ti-cgt-msp430_20.2.1.LT
    1207                    .dwattr $C$DW$T$128, DW_AT_decl_line(0x5c)
    1208                    .dwattr $C$DW$T$128, DW_AT_decl_column(0x18)
    1209            
    1210            
    1211            $C$DW$T$20      .dwtag  DW_TAG_structure_type
    1212                    .dwattr $C$DW$T$20, DW_AT_name("__timer")
    1213                    .dwattr $C$DW$T$20, DW_AT_declaration
    1214                    .dwattr $C$DW$T$20, DW_AT_decl_file("C:/ti/ccs1010/ccs/tools/compiler/ti-cgt-msp430_20.2.1.LTS
    1215                    .dwattr $C$DW$T$20, DW_AT_decl_line(0x4b)
    1216                    .dwattr $C$DW$T$20, DW_AT_decl_column(0x10)
    1217                    .dwendtag $C$DW$T$20
    1218            
    1219            $C$DW$T$129     .dwtag  DW_TAG_pointer_type
    1220                    .dwattr $C$DW$T$129, DW_AT_type(*$C$DW$T$20)
    1221                    .dwattr $C$DW$T$129, DW_AT_address_class(0x10)
    1222            
    1223            $C$DW$T$130     .dwtag  DW_TAG_typedef
    1224                    .dwattr $C$DW$T$130, DW_AT_name("__timer_t")
    1225                    .dwattr $C$DW$T$130, DW_AT_type(*$C$DW$T$129)
    1226                    .dwattr $C$DW$T$130, DW_AT_language(DW_LANG_C)
    1227                    .dwattr $C$DW$T$130, DW_AT_decl_file("C:/ti/ccs1010/ccs/tools/compiler/ti-cgt-msp430_20.2.1.LT
    1228                    .dwattr $C$DW$T$130, DW_AT_decl_line(0x4b)
MSP430 Assembler PC v20.2.1 Fri Aug 28 13:49:55 2020

Copyright (c) 2003-2018 Texas Instruments Incorporated
main.asm                                                             PAGE   24

    1229                    .dwattr $C$DW$T$130, DW_AT_decl_column(0x19)
    1230            
    1231                    .dwattr $C$DW$CU, DW_AT_language(DW_LANG_C)
    1232            
    1233            ;***************************************************************
    1234            ;* DWARF CIE ENTRIES                                           *
    1235            ;***************************************************************
    1236            
    1237            $C$DW$CIE       .dwcie 16
    1238                    .dwcfi  cfa_register, 1
    1239                    .dwcfi  cfa_offset, 0
    1240                    .dwcfi  same_value, 0
    1241                    .dwcfi  same_value, 1
    1242                    .dwcfi  same_value, 3
    1243                    .dwcfi  same_value, 4
    1244                    .dwcfi  same_value, 5
    1245                    .dwcfi  same_value, 6
    1246                    .dwcfi  same_value, 7
    1247                    .dwcfi  same_value, 8
    1248                    .dwcfi  same_value, 9
    1249                    .dwcfi  same_value, 10
    1250                    .dwendentry
    1251            
    1252            ;***************************************************************
    1253            ;* DWARF REGISTER MAP                                          *
    1254            ;***************************************************************
    1255            
    1256            $C$DW$25        .dwtag  DW_TAG_TI_assign_register
    1257                    .dwattr $C$DW$25, DW_AT_name("PC")
    1258                    .dwattr $C$DW$25, DW_AT_location[DW_OP_reg0]
    1259            
    1260            $C$DW$26        .dwtag  DW_TAG_TI_assign_register
    1261                    .dwattr $C$DW$26, DW_AT_name("SP")
    1262                    .dwattr $C$DW$26, DW_AT_location[DW_OP_reg1]
    1263            
    1264            $C$DW$27        .dwtag  DW_TAG_TI_assign_register
    1265                    .dwattr $C$DW$27, DW_AT_name("SR")
    1266                    .dwattr $C$DW$27, DW_AT_location[DW_OP_reg2]
    1267            
    1268            $C$DW$28        .dwtag  DW_TAG_TI_assign_register
    1269                    .dwattr $C$DW$28, DW_AT_name("CG")
    1270                    .dwattr $C$DW$28, DW_AT_location[DW_OP_reg3]
    1271            
    1272            $C$DW$29        .dwtag  DW_TAG_TI_assign_register
    1273                    .dwattr $C$DW$29, DW_AT_name("r4")
    1274                    .dwattr $C$DW$29, DW_AT_location[DW_OP_reg4]
    1275            
    1276            $C$DW$30        .dwtag  DW_TAG_TI_assign_register
    1277                    .dwattr $C$DW$30, DW_AT_name("r5")
    1278                    .dwattr $C$DW$30, DW_AT_location[DW_OP_reg5]
    1279            
    1280            $C$DW$31        .dwtag  DW_TAG_TI_assign_register
    1281                    .dwattr $C$DW$31, DW_AT_name("r6")
    1282                    .dwattr $C$DW$31, DW_AT_location[DW_OP_reg6]
    1283            
MSP430 Assembler PC v20.2.1 Fri Aug 28 13:49:55 2020

Copyright (c) 2003-2018 Texas Instruments Incorporated
main.asm                                                             PAGE   25

    1284            $C$DW$32        .dwtag  DW_TAG_TI_assign_register
    1285                    .dwattr $C$DW$32, DW_AT_name("r7")
    1286                    .dwattr $C$DW$32, DW_AT_location[DW_OP_reg7]
    1287            
    1288            $C$DW$33        .dwtag  DW_TAG_TI_assign_register
    1289                    .dwattr $C$DW$33, DW_AT_name("r8")
    1290                    .dwattr $C$DW$33, DW_AT_location[DW_OP_reg8]
    1291            
    1292            $C$DW$34        .dwtag  DW_TAG_TI_assign_register
    1293                    .dwattr $C$DW$34, DW_AT_name("r9")
    1294                    .dwattr $C$DW$34, DW_AT_location[DW_OP_reg9]
    1295            
    1296            $C$DW$35        .dwtag  DW_TAG_TI_assign_register
    1297                    .dwattr $C$DW$35, DW_AT_name("r10")
    1298                    .dwattr $C$DW$35, DW_AT_location[DW_OP_reg10]
    1299            
    1300            $C$DW$36        .dwtag  DW_TAG_TI_assign_register
    1301                    .dwattr $C$DW$36, DW_AT_name("r11")
    1302                    .dwattr $C$DW$36, DW_AT_location[DW_OP_reg11]
    1303            
    1304            $C$DW$37        .dwtag  DW_TAG_TI_assign_register
    1305                    .dwattr $C$DW$37, DW_AT_name("r12")
    1306                    .dwattr $C$DW$37, DW_AT_location[DW_OP_reg12]
    1307            
    1308            $C$DW$38        .dwtag  DW_TAG_TI_assign_register
    1309                    .dwattr $C$DW$38, DW_AT_name("r13")
    1310                    .dwattr $C$DW$38, DW_AT_location[DW_OP_reg13]
    1311            
    1312            $C$DW$39        .dwtag  DW_TAG_TI_assign_register
    1313                    .dwattr $C$DW$39, DW_AT_name("r14")
    1314                    .dwattr $C$DW$39, DW_AT_location[DW_OP_reg14]
    1315            
    1316            $C$DW$40        .dwtag  DW_TAG_TI_assign_register
    1317                    .dwattr $C$DW$40, DW_AT_name("r15")
    1318                    .dwattr $C$DW$40, DW_AT_location[DW_OP_reg15]
    1319            
    1320            $C$DW$41        .dwtag  DW_TAG_TI_assign_register
    1321                    .dwattr $C$DW$41, DW_AT_name("CIE_RETA")
    1322                    .dwattr $C$DW$41, DW_AT_location[DW_OP_reg16]
    1323            
    1324                    .dwendtag $C$DW$CU
    1325            

No Assembly Errors, No Assembly Warnings
